<?xml version="1.0" encoding="UTF-8"?>
<coverage generated="1470032859">
  <project timestamp="1470032859">
    <package name="SwaggerValidator">
      <file name="/repos/SwaggerValidator-PHP/src/SwaggerValidator/Autoload.php">
        <class name="Autoload" namespace="SwaggerValidator">
          <metrics methods="4" coveredmethods="1" conditionals="0" coveredconditionals="0" statements="35" coveredstatements="20" elements="39" coveredelements="21"/>
        </class>
        <line num="38" type="method" name="autoload" crap="2.15" count="11"/>
        <line num="40" type="stmt" count="11"/>
        <line num="41" type="stmt" count="0"/>
        <line num="44" type="stmt" count="11"/>
        <line num="51" type="method" name="autoloadPhar" crap="12" count="0"/>
        <line num="53" type="stmt" count="0"/>
        <line num="54" type="stmt" count="0"/>
        <line num="56" type="stmt" count="0"/>
        <line num="57" type="stmt" count="0"/>
        <line num="60" type="stmt" count="0"/>
        <line num="61" type="stmt" count="0"/>
        <line num="62" type="stmt" count="0"/>
        <line num="64" type="stmt" count="0"/>
        <line num="65" type="stmt" count="0"/>
        <line num="66" type="stmt" count="0"/>
        <line num="68" type="stmt" count="0"/>
        <line num="69" type="stmt" count="0"/>
        <line num="74" type="method" name="autoloadSource" crap="4" count="11"/>
        <line num="76" type="stmt" count="11"/>
        <line num="77" type="stmt" count="11"/>
        <line num="79" type="stmt" count="11"/>
        <line num="80" type="stmt" count="11"/>
        <line num="81" type="stmt" count="11"/>
        <line num="83" type="stmt" count="11"/>
        <line num="84" type="stmt" count="11"/>
        <line num="85" type="stmt" count="11"/>
        <line num="87" type="stmt" count="11"/>
        <line num="88" type="stmt" count="11"/>
        <line num="89" type="stmt" count="11"/>
        <line num="90" type="stmt" count="11"/>
        <line num="91" type="stmt" count="11"/>
        <line num="93" type="stmt" count="11"/>
        <line num="95" type="stmt" count="11"/>
        <line num="96" type="stmt" count="11"/>
        <line num="97" type="stmt" count="11"/>
        <line num="98" type="stmt" count="11"/>
        <line num="103" type="method" name="registerAutoloader" crap="2" count="0"/>
        <line num="105" type="stmt" count="0"/>
        <line num="106" type="stmt" count="0"/>
        <metrics loc="110" ncloc="72" classes="1" methods="4" coveredmethods="1" conditionals="0" coveredconditionals="0" statements="35" coveredstatements="20" elements="39" coveredelements="21"/>
      </file>
      <file name="/repos/SwaggerValidator-PHP/src/SwaggerValidator/Swagger.php">
        <class name="Swagger" namespace="SwaggerValidator">
          <metrics methods="11" coveredmethods="4" conditionals="0" coveredconditionals="0" statements="68" coveredstatements="49" elements="79" coveredelements="53"/>
        </class>
        <line num="67" type="method" name="setCachePath" crap="7.39" count="1"/>
        <line num="69" type="stmt" count="1"/>
        <line num="71" type="stmt" count="1"/>
        <line num="72" type="stmt" count="1"/>
        <line num="73" type="stmt" count="1"/>
        <line num="74" type="stmt" count="1"/>
        <line num="75" type="stmt" count="1"/>
        <line num="76" type="stmt" count="0"/>
        <line num="77" type="stmt" count="0"/>
        <line num="78" type="stmt" count="0"/>
        <line num="79" type="stmt" count="1"/>
        <line num="80" type="stmt" count="1"/>
        <line num="81" type="stmt" count="1"/>
        <line num="82" type="stmt" count="1"/>
        <line num="83" type="stmt" count="1"/>
        <line num="84" type="stmt" count="1"/>
        <line num="90" type="method" name="getCachePath" crap="2" count="0"/>
        <line num="92" type="stmt" count="0"/>
        <line num="99" type="method" name="setCacheLifeTime" crap="1" count="1"/>
        <line num="101" type="stmt" count="1"/>
        <line num="102" type="stmt" count="1"/>
        <line num="108" type="method" name="getCacheLifeTime" crap="2" count="0"/>
        <line num="110" type="stmt" count="0"/>
        <line num="118" type="method" name="setSwaggerFile" crap="1" count="1"/>
        <line num="120" type="stmt" count="1"/>
        <line num="121" type="stmt" count="1"/>
        <line num="127" type="method" name="getSwaggerFile" crap="2" count="0"/>
        <line num="129" type="stmt" count="0"/>
        <line num="137" type="method" name="load" crap="5" count="1"/>
        <line num="139" type="stmt" count="1"/>
        <line num="140" type="stmt" count="1"/>
        <line num="143" type="stmt" count="1"/>
        <line num="144" type="stmt" count="1"/>
        <line num="147" type="stmt" count="1"/>
        <line num="155" type="method" name="regenSwagger" crap="8.05" count="1"/>
        <line num="157" type="stmt" count="1"/>
        <line num="159" type="stmt" count="1"/>
        <line num="161" type="stmt" count="1"/>
        <line num="162" type="stmt" count="0"/>
        <line num="163" type="stmt" count="0"/>
        <line num="165" type="stmt" count="1"/>
        <line num="167" type="stmt" count="1"/>
        <line num="168" type="stmt" count="0"/>
        <line num="169" type="stmt" count="0"/>
        <line num="171" type="stmt" count="1"/>
        <line num="173" type="stmt" count="1"/>
        <line num="174" type="stmt" count="0"/>
        <line num="177" type="stmt" count="1"/>
        <line num="185" type="method" name="loadCache" crap="5.02" count="1"/>
        <line num="187" type="stmt" count="1"/>
        <line num="189" type="stmt" count="1"/>
        <line num="191" type="stmt" count="1"/>
        <line num="192" type="stmt" count="0"/>
        <line num="193" type="stmt" count="0"/>
        <line num="195" type="stmt" count="1"/>
        <line num="197" type="stmt" count="1"/>
        <line num="198" type="stmt" count="0"/>
        <line num="199" type="stmt" count="0"/>
        <line num="201" type="stmt" count="1"/>
        <line num="209" type="method" name="storeCache" crap="4.59" count="1"/>
        <line num="211" type="stmt" count="1"/>
        <line num="212" type="stmt" count="0"/>
        <line num="215" type="stmt" count="1"/>
        <line num="216" type="stmt" count="0"/>
        <line num="217" type="stmt" count="0"/>
        <line num="218" type="stmt" count="0"/>
        <line num="221" type="stmt" count="1"/>
        <line num="222" type="stmt" count="1"/>
        <line num="223" type="stmt" count="1"/>
        <line num="225" type="stmt" count="1"/>
        <line num="226" type="stmt" count="1"/>
        <line num="228" type="stmt" count="1"/>
        <line num="231" type="method" name="cleanInstances" crap="1" count="11"/>
        <line num="233" type="stmt" count="11"/>
        <line num="234" type="stmt" count="11"/>
        <line num="235" type="stmt" count="11"/>
        <line num="236" type="stmt" count="11"/>
        <line num="237" type="stmt" count="11"/>
        <line num="238" type="stmt" count="11"/>
        <metrics loc="240" ncloc="158" classes="1" methods="11" coveredmethods="4" conditionals="0" coveredconditionals="0" statements="68" coveredstatements="49" elements="79" coveredelements="53"/>
      </file>
    </package>
    <package name="SwaggerValidator\Common">
      <file name="/repos/SwaggerValidator-PHP/src/SwaggerValidator/Common/Collection.php">
        <class name="Collection" namespace="SwaggerValidator\Common">
          <metrics methods="21" coveredmethods="11" conditionals="0" coveredconditionals="0" statements="53" coveredstatements="41" elements="74" coveredelements="52"/>
        </class>
        <line num="45" type="method" name="__isset" crap="1" count="11"/>
        <line num="47" type="stmt" count="11"/>
        <line num="50" type="method" name="__get" crap="5.05" count="11"/>
        <line num="52" type="stmt" count="11"/>
        <line num="53" type="stmt" count="11"/>
        <line num="56" type="stmt" count="11"/>
        <line num="57" type="stmt" count="11"/>
        <line num="59" type="stmt" count="11"/>
        <line num="61" type="stmt" count="11"/>
        <line num="62" type="stmt" count="0"/>
        <line num="65" type="stmt" count="11"/>
        <line num="68" type="method" name="__set" crap="2" count="11"/>
        <line num="70" type="stmt" count="11"/>
        <line num="71" type="stmt" count="11"/>
        <line num="72" type="stmt" count="11"/>
        <line num="73" type="stmt" count="11"/>
        <line num="75" type="method" name="__unset" crap="2" count="5"/>
        <line num="77" type="stmt" count="5"/>
        <line num="78" type="stmt" count="5"/>
        <line num="79" type="stmt" count="5"/>
        <line num="80" type="stmt" count="5"/>
        <line num="85" type="method" name="offsetSet" crap="2" count="0"/>
        <line num="87" type="stmt" count="0"/>
        <line num="90" type="method" name="offsetExists" crap="2" count="0"/>
        <line num="92" type="stmt" count="0"/>
        <line num="95" type="method" name="offsetUnset" crap="2" count="0"/>
        <line num="97" type="stmt" count="0"/>
        <line num="100" type="method" name="offsetGet" crap="2" count="0"/>
        <line num="102" type="stmt" count="0"/>
        <line num="108" type="method" name="getIterator" crap="2" count="0"/>
        <line num="110" type="stmt" count="0"/>
        <line num="116" type="method" name="count" crap="1" count="11"/>
        <line num="118" type="stmt" count="11"/>
        <line num="121" type="method" name="setJSONIsArray" crap="1" count="11"/>
        <line num="123" type="stmt" count="11"/>
        <line num="124" type="stmt" count="11"/>
        <line num="126" type="method" name="jsonSerialize" crap="4" count="5"/>
        <line num="128" type="stmt" count="5"/>
        <line num="129" type="stmt" count="5"/>
        <line num="130" type="stmt" count="5"/>
        <line num="132" type="stmt" count="5"/>
        <line num="135" type="stmt" count="5"/>
        <line num="136" type="stmt" count="5"/>
        <line num="138" type="stmt" count="5"/>
        <line num="139" type="stmt" count="5"/>
        <line num="140" type="stmt" count="5"/>
        <line num="142" type="stmt" count="5"/>
        <line num="144" type="stmt" count="5"/>
        <line num="146" type="stmt" count="5"/>
        <line num="147" type="stmt" count="1"/>
        <line num="149" type="method" name="serialize" crap="1" count="1"/>
        <line num="151" type="stmt" count="1"/>
        <line num="154" type="method" name="unserialize" crap="2" count="1"/>
        <line num="156" type="stmt" count="1"/>
        <line num="157" type="stmt" count="1"/>
        <line num="158" type="stmt" count="1"/>
        <line num="160" type="stmt" count="1"/>
        <line num="161" type="stmt" count="1"/>
        <line num="167" type="method" name="all" crap="2" count="0"/>
        <line num="169" type="stmt" count="0"/>
        <line num="176" type="method" name="keys" crap="1" count="11"/>
        <line num="178" type="stmt" count="11"/>
        <line num="186" type="method" name="has" crap="1" count="5"/>
        <line num="188" type="stmt" count="5"/>
        <line num="195" type="method" name="remove" crap="2" count="0"/>
        <line num="197" type="stmt" count="0"/>
        <line num="198" type="stmt" count="0"/>
        <line num="203" type="method" name="clear" crap="2" count="0"/>
        <line num="205" type="stmt" count="0"/>
        <line num="206" type="stmt" count="0"/>
        <line num="208" type="method" name="jsonEncode" crap="1" count="5"/>
        <line num="211" type="stmt" count="5"/>
        <line num="214" type="method" name="jsonEncodePretty" crap="2" count="0"/>
        <line num="216" type="stmt" count="0"/>
        <metrics loc="219" ncloc="156" classes="1" methods="21" coveredmethods="11" conditionals="0" coveredconditionals="0" statements="53" coveredstatements="41" elements="74" coveredelements="52"/>
      </file>
      <file name="/repos/SwaggerValidator-PHP/src/SwaggerValidator/Common/CollectionFile.php">
        <class name="CollectionFile" namespace="SwaggerValidator\Common">
          <metrics methods="17" coveredmethods="4" conditionals="0" coveredconditionals="0" statements="67" coveredstatements="39" elements="84" coveredelements="43"/>
        </class>
        <line num="47" type="method" name="__construct" crap="1" count="11"/>
        <line num="50" type="stmt" count="11"/>
        <line num="56" type="method" name="getInstance" crap="2" count="11"/>
        <line num="58" type="stmt" count="11"/>
        <line num="59" type="stmt" count="11"/>
        <line num="60" type="stmt" count="11"/>
        <line num="62" type="stmt" count="11"/>
        <line num="68" type="method" name="setInstance" crap="2" count="0"/>
        <line num="70" type="stmt" count="0"/>
        <line num="71" type="stmt" count="0"/>
        <line num="72" type="stmt" count="0"/>
        <line num="74" type="method" name="prune" crap="1" count="11"/>
        <line num="76" type="stmt" count="11"/>
        <line num="77" type="stmt" count="11"/>
        <line num="78" type="stmt" count="11"/>
        <line num="80" type="method" name="__isset" crap="2" count="0"/>
        <line num="82" type="stmt" count="0"/>
        <line num="83" type="stmt" count="0"/>
        <line num="85" type="method" name="__unset" crap="2" count="0"/>
        <line num="87" type="stmt" count="0"/>
        <line num="88" type="stmt" count="0"/>
        <line num="96" type="method" name="__get" crap="3.10" count="11"/>
        <line num="98" type="stmt" count="11"/>
        <line num="99" type="stmt" count="0"/>
        <line num="100" type="stmt" count="0"/>
        <line num="102" type="stmt" count="11"/>
        <line num="104" type="stmt" count="11"/>
        <line num="105" type="stmt" count="11"/>
        <line num="106" type="stmt" count="11"/>
        <line num="108" type="stmt" count="11"/>
        <line num="110" type="stmt" count="11"/>
        <line num="113" type="method" name="__set" crap="7.33" count="11"/>
        <line num="115" type="stmt" count="11"/>
        <line num="117" type="stmt" count="11"/>
        <line num="118" type="stmt" count="0"/>
        <line num="119" type="stmt" count="0"/>
        <line num="121" type="stmt" count="11"/>
        <line num="122" type="stmt" count="11"/>
        <line num="123" type="stmt" count="11"/>
        <line num="125" type="stmt" count="11"/>
        <line num="126" type="stmt" count="11"/>
        <line num="127" type="stmt" count="11"/>
        <line num="130" type="stmt" count="0"/>
        <line num="131" type="stmt" count="0"/>
        <line num="133" type="method" name="jsonSerialize" crap="2" count="0"/>
        <line num="135" type="stmt" count="0"/>
        <line num="138" type="method" name="serialize" crap="2" count="0"/>
        <line num="140" type="stmt" count="0"/>
        <line num="143" type="method" name="unserialize" crap="2" count="0"/>
        <line num="145" type="stmt" count="0"/>
        <line num="154" type="method" name="get" crap="1" count="11"/>
        <line num="156" type="stmt" count="11"/>
        <line num="159" type="method" name="set" crap="2" count="0"/>
        <line num="161" type="stmt" count="0"/>
        <line num="164" type="method" name="getReferenceFileLink" crap="2.03" count="11"/>
        <line num="166" type="stmt" count="11"/>
        <line num="167" type="stmt" count="0"/>
        <line num="170" type="stmt" count="11"/>
        <line num="171" type="stmt" count="11"/>
        <line num="172" type="stmt" count="11"/>
        <line num="175" type="method" name="getReferenceInnerPath" crap="2.06" count="11"/>
        <line num="177" type="stmt" count="11"/>
        <line num="178" type="stmt" count="0"/>
        <line num="181" type="stmt" count="11"/>
        <line num="182" type="stmt" count="11"/>
        <line num="185" type="method" name="getIdFromRef" crap="4.59" count="11"/>
        <line num="187" type="stmt" count="11"/>
        <line num="188" type="stmt" count="0"/>
        <line num="191" type="stmt" count="11"/>
        <line num="192" type="stmt" count="0"/>
        <line num="193" type="stmt" count="0"/>
        <line num="195" type="stmt" count="11"/>
        <line num="197" type="stmt" count="11"/>
        <line num="198" type="stmt" count="11"/>
        <line num="200" type="stmt" count="11"/>
        <line num="203" type="method" name="getRefFromId" crap="10.75" count="11"/>
        <line num="205" type="stmt" count="11"/>
        <line num="206" type="stmt" count="11"/>
        <line num="209" type="stmt" count="0"/>
        <line num="210" type="stmt" count="0"/>
        <line num="211" type="stmt" count="0"/>
        <line num="213" type="stmt" count="0"/>
        <line num="214" type="stmt" count="0"/>
        <line num="217" type="stmt" count="0"/>
        <metrics loc="220" ncloc="167" classes="1" methods="17" coveredmethods="4" conditionals="0" coveredconditionals="0" statements="67" coveredstatements="39" elements="84" coveredelements="43"/>
      </file>
      <file name="/repos/SwaggerValidator-PHP/src/SwaggerValidator/Common/CollectionReference.php">
        <class name="CollectionReference" namespace="SwaggerValidator\Common">
          <metrics methods="20" coveredmethods="10" conditionals="0" coveredconditionals="0" statements="117" coveredstatements="90" elements="137" coveredelements="100"/>
        </class>
        <line num="53" type="method" name="__construct" crap="1" count="11"/>
        <line num="56" type="stmt" count="11"/>
        <line num="62" type="method" name="getInstance" crap="2" count="11"/>
        <line num="64" type="stmt" count="11"/>
        <line num="65" type="stmt" count="11"/>
        <line num="66" type="stmt" count="11"/>
        <line num="68" type="stmt" count="11"/>
        <line num="74" type="method" name="setInstance" crap="2" count="0"/>
        <line num="76" type="stmt" count="0"/>
        <line num="77" type="stmt" count="0"/>
        <line num="78" type="stmt" count="0"/>
        <line num="83" type="method" name="prune" crap="1" count="11"/>
        <line num="85" type="stmt" count="11"/>
        <line num="86" type="stmt" count="11"/>
        <line num="87" type="stmt" count="11"/>
        <line num="88" type="stmt" count="11"/>
        <line num="90" type="method" name="__isset" crap="2" count="0"/>
        <line num="92" type="stmt" count="0"/>
        <line num="93" type="stmt" count="0"/>
        <line num="95" type="method" name="__unset" crap="2" count="0"/>
        <line num="97" type="stmt" count="0"/>
        <line num="98" type="stmt" count="0"/>
        <line num="100" type="method" name="__get" crap="2" count="11"/>
        <line num="102" type="stmt" count="11"/>
        <line num="104" type="stmt" count="11"/>
        <line num="105" type="stmt" count="11"/>
        <line num="106" type="stmt" count="11"/>
        <line num="108" type="stmt" count="11"/>
        <line num="109" type="stmt" count="11"/>
        <line num="112" type="method" name="__set" crap="9.56" count="11"/>
        <line num="114" type="stmt" count="11"/>
        <line num="116" type="stmt" count="11"/>
        <line num="117" type="stmt" count="11"/>
        <line num="118" type="stmt" count="11"/>
        <line num="120" type="stmt" count="11"/>
        <line num="121" type="stmt" count="11"/>
        <line num="122" type="stmt" count="11"/>
        <line num="123" type="stmt" count="11"/>
        <line num="125" type="stmt" count="11"/>
        <line num="126" type="stmt" count="0"/>
        <line num="127" type="stmt" count="0"/>
        <line num="129" type="stmt" count="11"/>
        <line num="130" type="stmt" count="11"/>
        <line num="132" type="stmt" count="11"/>
        <line num="136" type="stmt" count="11"/>
        <line num="138" type="stmt" count="11"/>
        <line num="139" type="stmt" count="9"/>
        <line num="140" type="stmt" count="11"/>
        <line num="142" type="stmt" count="11"/>
        <line num="145" type="stmt" count="0"/>
        <line num="146" type="stmt" count="0"/>
        <line num="148" type="method" name="jsonSerialize" crap="2" count="5"/>
        <line num="150" type="stmt" count="5"/>
        <line num="152" type="stmt" count="5"/>
        <line num="153" type="stmt" count="5"/>
        <line num="154" type="stmt" count="5"/>
        <line num="155" type="stmt" count="5"/>
        <line num="159" type="stmt" count="5"/>
        <line num="162" type="method" name="serialize" crap="1" count="1"/>
        <line num="164" type="stmt" count="1"/>
        <line num="167" type="method" name="unserialize" crap="4.07" count="1"/>
        <line num="169" type="stmt" count="1"/>
        <line num="170" type="stmt" count="1"/>
        <line num="172" type="stmt" count="1"/>
        <line num="173" type="stmt" count="1"/>
        <line num="174" type="stmt" count="1"/>
        <line num="176" type="stmt" count="1"/>
        <line num="177" type="stmt" count="0"/>
        <line num="178" type="stmt" count="0"/>
        <line num="180" type="stmt" count="1"/>
        <line num="181" type="stmt" count="1"/>
        <line num="182" type="stmt" count="1"/>
        <line num="183" type="stmt" count="1"/>
        <line num="191" type="method" name="get" crap="1" count="11"/>
        <line num="193" type="stmt" count="11"/>
        <line num="196" type="method" name="set" crap="2" count="0"/>
        <line num="198" type="stmt" count="0"/>
        <line num="201" type="method" name="getIdFromRef" crap="8.30" count="11"/>
        <line num="203" type="stmt" count="11"/>
        <line num="204" type="stmt" count="0"/>
        <line num="205" type="stmt" count="0"/>
        <line num="207" type="stmt" count="11"/>
        <line num="208" type="stmt" count="0"/>
        <line num="209" type="stmt" count="0"/>
        <line num="211" type="stmt" count="11"/>
        <line num="212" type="stmt" count="11"/>
        <line num="215" type="stmt" count="11"/>
        <line num="216" type="stmt" count="0"/>
        <line num="217" type="stmt" count="0"/>
        <line num="219" type="stmt" count="11"/>
        <line num="221" type="stmt" count="11"/>
        <line num="222" type="stmt" count="11"/>
        <line num="224" type="stmt" count="11"/>
        <line num="227" type="method" name="getRefFromId" crap="6.00" count="11"/>
        <line num="229" type="stmt" count="11"/>
        <line num="230" type="stmt" count="0"/>
        <line num="233" type="stmt" count="11"/>
        <line num="234" type="stmt" count="0"/>
        <line num="235" type="stmt" count="0"/>
        <line num="237" type="stmt" count="11"/>
        <line num="238" type="stmt" count="0"/>
        <line num="241" type="stmt" count="11"/>
        <line num="244" type="method" name="registerDefinition" crap="4.07" count="11"/>
        <line num="246" type="stmt" count="11"/>
        <line num="247" type="stmt" count="9"/>
        <line num="248" type="stmt" count="9"/>
        <line num="249" type="stmt" count="9"/>
        <line num="251" type="stmt" count="8"/>
        <line num="254" type="stmt" count="11"/>
        <line num="255" type="stmt" count="0"/>
        <line num="256" type="stmt" count="0"/>
        <line num="258" type="stmt" count="11"/>
        <line num="259" type="stmt" count="11"/>
        <line num="260" type="stmt" count="11"/>
        <line num="261" type="stmt" count="11"/>
        <line num="263" type="method" name="cleanReferenceDefinitions" crap="3" count="11"/>
        <line num="265" type="stmt" count="11"/>
        <line num="266" type="stmt" count="11"/>
        <line num="268" type="stmt" count="5"/>
        <line num="269" type="stmt" count="5"/>
        <line num="270" type="stmt" count="11"/>
        <line num="271" type="stmt" count="11"/>
        <line num="272" type="stmt" count="11"/>
        <line num="274" type="method" name="unserializeReferenceDefinitions" crap="3" count="11"/>
        <line num="276" type="stmt" count="11"/>
        <line num="277" type="stmt" count="11"/>
        <line num="278" type="stmt" count="11"/>
        <line num="279" type="stmt" count="11"/>
        <line num="280" type="stmt" count="11"/>
        <line num="281" type="stmt" count="11"/>
        <line num="283" type="method" name="getDefinitions" crap="2" count="0"/>
        <line num="285" type="stmt" count="0"/>
        <line num="288" type="method" name="jsonUnSerialize" crap="2" count="11"/>
        <line num="290" type="stmt" count="11"/>
        <line num="291" type="stmt" count="11"/>
        <line num="292" type="stmt" count="11"/>
        <line num="293" type="stmt" count="11"/>
        <metrics loc="295" ncloc="234" classes="1" methods="20" coveredmethods="10" conditionals="0" coveredconditionals="0" statements="117" coveredstatements="90" elements="137" coveredelements="100"/>
      </file>
      <file name="/repos/SwaggerValidator-PHP/src/SwaggerValidator/Common/CollectionSwagger.php">
        <class name="CollectionSwagger" namespace="SwaggerValidator\Common">
          <metrics methods="11" coveredmethods="1" conditionals="0" coveredconditionals="0" statements="80" coveredstatements="32" elements="91" coveredelements="33"/>
        </class>
        <line num="43" type="method" name="callException" crap="42" count="0"/>
        <line num="45" type="stmt" count="0"/>
        <line num="46" type="stmt" count="0"/>
        <line num="48" type="stmt" count="0"/>
        <line num="49" type="stmt" count="0"/>
        <line num="51" type="stmt" count="0"/>
        <line num="52" type="stmt" count="0"/>
        <line num="54" type="stmt" count="0"/>
        <line num="55" type="stmt" count="0"/>
        <line num="56" type="stmt" count="0"/>
        <line num="58" type="stmt" count="0"/>
        <line num="60" type="stmt" count="0"/>
        <line num="61" type="stmt" count="0"/>
        <line num="62" type="stmt" count="0"/>
        <line num="64" type="stmt" count="0"/>
        <line num="65" type="stmt" count="0"/>
        <line num="67" type="method" name="buildException" crap="42" count="0"/>
        <line num="69" type="stmt" count="0"/>
        <line num="70" type="stmt" count="0"/>
        <line num="72" type="stmt" count="0"/>
        <line num="73" type="stmt" count="0"/>
        <line num="75" type="stmt" count="0"/>
        <line num="76" type="stmt" count="0"/>
        <line num="78" type="stmt" count="0"/>
        <line num="79" type="stmt" count="0"/>
        <line num="80" type="stmt" count="0"/>
        <line num="82" type="stmt" count="0"/>
        <line num="84" type="stmt" count="0"/>
        <line num="85" type="stmt" count="0"/>
        <line num="86" type="stmt" count="0"/>
        <line num="88" type="stmt" count="0"/>
        <line num="89" type="stmt" count="0"/>
        <line num="95" type="method" name="registerMandatoryKey" crap="2.50" count="11"/>
        <line num="97" type="stmt" count="11"/>
        <line num="98" type="stmt" count="0"/>
        <line num="99" type="stmt" count="0"/>
        <line num="100" type="stmt" count="11"/>
        <line num="106" type="method" name="checkMandatoryKey" crap="3.58" count="11"/>
        <line num="108" type="stmt" count="11"/>
        <line num="109" type="stmt" count="0"/>
        <line num="110" type="stmt" count="0"/>
        <line num="112" type="stmt" count="11"/>
        <line num="114" type="stmt" count="11"/>
        <line num="117" type="method" name="getCleanClass" crap="1" count="11"/>
        <line num="119" type="stmt" count="11"/>
        <line num="120" type="stmt" count="11"/>
        <line num="123" type="method" name="extractNonRecursiveReference" crap="4.25" count="11"/>
        <line num="125" type="stmt" count="11"/>
        <line num="126" type="stmt" count="11"/>
        <line num="129" type="stmt" count="11"/>
        <line num="130" type="stmt" count="0"/>
        <line num="131" type="stmt" count="0"/>
        <line num="133" type="stmt" count="11"/>
        <line num="134" type="stmt" count="11"/>
        <line num="136" type="stmt" count="11"/>
        <line num="139" type="method" name="registerRecursiveDefinitions" crap="10.40" count="11"/>
        <line num="141" type="stmt" count="11"/>
        <line num="142" type="stmt" count="11"/>
        <line num="144" type="stmt" count="0"/>
        <line num="145" type="stmt" count="0"/>
        <line num="147" type="stmt" count="0"/>
        <line num="149" type="method" name="registerRecursiveDefinitionsFromObject" crap="7.03" count="11"/>
        <line num="151" type="stmt" count="11"/>
        <line num="152" type="stmt" count="0"/>
        <line num="155" type="stmt" count="11"/>
        <line num="156" type="stmt" count="11"/>
        <line num="157" type="stmt" count="11"/>
        <line num="158" type="stmt" count="11"/>
        <line num="159" type="stmt" count="11"/>
        <line num="160" type="stmt" count="2"/>
        <line num="162" type="stmt" count="11"/>
        <line num="163" type="stmt" count="9"/>
        <line num="165" type="stmt" count="11"/>
        <line num="166" type="stmt" count="11"/>
        <line num="168" type="method" name="registerRecursiveDefinitionsFromArray" crap="13.12" count="2"/>
        <line num="170" type="stmt" count="2"/>
        <line num="171" type="stmt" count="0"/>
        <line num="174" type="stmt" count="2"/>
        <line num="175" type="stmt" count="2"/>
        <line num="176" type="stmt" count="0"/>
        <line num="177" type="stmt" count="0"/>
        <line num="178" type="stmt" count="2"/>
        <line num="179" type="stmt" count="0"/>
        <line num="181" type="stmt" count="2"/>
        <line num="182" type="stmt" count="2"/>
        <line num="184" type="stmt" count="0"/>
        <line num="185" type="stmt" count="0"/>
        <line num="193" type="method" name="get" crap="2" count="0"/>
        <line num="195" type="stmt" count="0"/>
        <line num="198" type="method" name="set" crap="2" count="0"/>
        <line num="200" type="stmt" count="0"/>
        <metrics loc="203" ncloc="161" classes="1" methods="11" coveredmethods="1" conditionals="0" coveredconditionals="0" statements="80" coveredstatements="32" elements="91" coveredelements="33"/>
      </file>
      <file name="/repos/SwaggerValidator-PHP/src/SwaggerValidator/Common/CollectionType.php">
        <class name="CollectionType" namespace="SwaggerValidator\Common">
          <metrics methods="14" coveredmethods="5" conditionals="0" coveredconditionals="0" statements="34" coveredstatements="18" elements="48" coveredelements="23"/>
        </class>
        <line num="94" type="method" name="__construct" crap="1" count="11"/>
        <line num="97" type="stmt" count="11"/>
        <line num="103" type="method" name="getInstance" crap="2" count="11"/>
        <line num="105" type="stmt" count="11"/>
        <line num="106" type="stmt" count="11"/>
        <line num="107" type="stmt" count="11"/>
        <line num="109" type="stmt" count="11"/>
        <line num="115" type="method" name="setInstance" crap="2" count="0"/>
        <line num="117" type="stmt" count="0"/>
        <line num="118" type="stmt" count="0"/>
        <line num="123" type="method" name="pruneInstance" crap="1" count="11"/>
        <line num="125" type="stmt" count="11"/>
        <line num="126" type="stmt" count="11"/>
        <line num="133" type="method" name="__get" crap="5.26" count="11"/>
        <line num="135" type="stmt" count="11"/>
        <line num="136" type="stmt" count="0"/>
        <line num="139" type="stmt" count="11"/>
        <line num="140" type="stmt" count="0"/>
        <line num="143" type="stmt" count="11"/>
        <line num="144" type="stmt" count="11"/>
        <line num="147" type="stmt" count="0"/>
        <line num="155" type="method" name="__set" crap="12" count="0"/>
        <line num="157" type="stmt" count="0"/>
        <line num="158" type="stmt" count="0"/>
        <line num="159" type="stmt" count="0"/>
        <line num="160" type="stmt" count="0"/>
        <line num="162" type="method" name="__isset" crap="1" count="11"/>
        <line num="164" type="stmt" count="11"/>
        <line num="167" type="method" name="jsonSerialize" crap="2" count="0"/>
        <line num="170" type="stmt" count="0"/>
        <line num="172" type="method" name="serialize" crap="2" count="0"/>
        <line num="174" type="stmt" count="0"/>
        <line num="177" type="method" name="unserialize" crap="2" count="0"/>
        <line num="180" type="stmt" count="0"/>
        <line num="187" type="method" name="get" crap="2" count="0"/>
        <line num="189" type="stmt" count="0"/>
        <line num="197" type="method" name="set" crap="2" count="0"/>
        <line num="199" type="stmt" count="0"/>
        <line num="202" type="method" name="normalizeType" crap="2" count="11"/>
        <line num="204" type="stmt" count="11"/>
        <line num="205" type="stmt" count="11"/>
        <line num="207" type="stmt" count="11"/>
        <line num="208" type="stmt" count="11"/>
        <line num="209" type="stmt" count="11"/>
        <line num="211" type="stmt" count="11"/>
        <line num="214" type="method" name="normalizeKey" crap="2" count="0"/>
        <line num="216" type="stmt" count="0"/>
        <line num="217" type="stmt" count="0"/>
        <metrics loc="220" ncloc="150" classes="1" methods="14" coveredmethods="5" conditionals="0" coveredconditionals="0" statements="34" coveredstatements="18" elements="48" coveredelements="23"/>
      </file>
      <file name="/repos/SwaggerValidator-PHP/src/SwaggerValidator/Common/Context.php">
        <class name="Context" namespace="SwaggerValidator\Common">
          <metrics methods="38" coveredmethods="13" conditionals="0" coveredconditionals="0" statements="323" coveredstatements="190" elements="361" coveredelements="203"/>
        </class>
        <line num="96" type="method" name="setConfig" crap="4.59" count="11"/>
        <line num="98" type="stmt" count="11"/>
        <line num="99" type="stmt" count="0"/>
        <line num="102" type="stmt" count="11"/>
        <line num="103" type="stmt" count="0"/>
        <line num="106" type="stmt" count="11"/>
        <line num="107" type="stmt" count="11"/>
        <line num="112" type="method" name="setConfigDropAllDebugLog" crap="1" count="11"/>
        <line num="114" type="stmt" count="11"/>
        <line num="115" type="stmt" count="11"/>
        <line num="116" type="stmt" count="11"/>
        <line num="117" type="stmt" count="11"/>
        <line num="118" type="stmt" count="11"/>
        <line num="119" type="stmt" count="11"/>
        <line num="120" type="stmt" count="11"/>
        <line num="128" type="method" name="getConfig" crap="5.02" count="11"/>
        <line num="130" type="stmt" count="11"/>
        <line num="131" type="stmt" count="0"/>
        <line num="134" type="stmt" count="11"/>
        <line num="135" type="stmt" count="0"/>
        <line num="138" type="stmt" count="11"/>
        <line num="145" type="method" name="loadUri" crap="1" count="5"/>
        <line num="147" type="stmt" count="5"/>
        <line num="148" type="stmt" count="5"/>
        <line num="150" type="stmt" count="5"/>
        <line num="152" type="stmt" count="5"/>
        <line num="153" type="stmt" count="5"/>
        <line num="158" type="method" name="checkDataIsEmpty" crap="6" count="5"/>
        <line num="160" type="stmt" count="5"/>
        <line num="161" type="stmt" count="3"/>
        <line num="162" type="stmt" count="3"/>
        <line num="163" type="stmt" count="5"/>
        <line num="164" type="stmt" count="5"/>
        <line num="165" type="stmt" count="5"/>
        <line num="166" type="stmt" count="5"/>
        <line num="167" type="stmt" count="5"/>
        <line num="168" type="stmt" count="5"/>
        <line num="169" type="stmt" count="5"/>
        <line num="170" type="stmt" count="5"/>
        <line num="171" type="stmt" count="5"/>
        <line num="172" type="stmt" count="5"/>
        <line num="173" type="stmt" count="3"/>
        <line num="174" type="stmt" count="3"/>
        <line num="176" type="stmt" count="5"/>
        <line num="178" type="stmt" count="5"/>
        <line num="184" type="method" name="getResponseStatus" crap="4.94" count="5"/>
        <line num="186" type="stmt" count="5"/>
        <line num="187" type="stmt" count="5"/>
        <line num="190" type="stmt" count="0"/>
        <line num="191" type="stmt" count="0"/>
        <line num="194" type="stmt" count="0"/>
        <line num="201" type="method" name="dataLoad" crap="37.33" count="5"/>
        <line num="203" type="stmt" count="5"/>
        <line num="204" type="stmt" count="5"/>
        <line num="206" type="stmt" count="5"/>
        <line num="207" type="stmt" count="5"/>
        <line num="209" type="stmt" count="5"/>
        <line num="210" type="stmt" count="3"/>
        <line num="212" type="stmt" count="5"/>
        <line num="213" type="stmt" count="5"/>
        <line num="215" type="stmt" count="5"/>
        <line num="216" type="stmt" count="1"/>
        <line num="218" type="stmt" count="5"/>
        <line num="219" type="stmt" count="1"/>
        <line num="221" type="stmt" count="5"/>
        <line num="222" type="stmt" count="3"/>
        <line num="224" type="stmt" count="5"/>
        <line num="225" type="stmt" count="5"/>
        <line num="227" type="stmt" count="5"/>
        <line num="228" type="stmt" count="5"/>
        <line num="230" type="stmt" count="1"/>
        <line num="231" type="stmt" count="0"/>
        <line num="232" type="stmt" count="0"/>
        <line num="233" type="stmt" count="0"/>
        <line num="234" type="stmt" count="0"/>
        <line num="235" type="stmt" count="0"/>
        <line num="236" type="stmt" count="0"/>
        <line num="237" type="stmt" count="0"/>
        <line num="238" type="stmt" count="0"/>
        <line num="239" type="stmt" count="0"/>
        <line num="240" type="stmt" count="0"/>
        <line num="242" type="stmt" count="1"/>
        <line num="249" type="method" name="getRequestFormDataKey" crap="3.79" count="5"/>
        <line num="251" type="stmt" count="5"/>
        <line num="252" type="stmt" count="5"/>
        <line num="254" type="stmt" count="5"/>
        <line num="255" type="stmt" count="0"/>
        <line num="256" type="stmt" count="0"/>
        <line num="258" type="stmt" count="5"/>
        <line num="259" type="stmt" count="0"/>
        <line num="260" type="stmt" count="0"/>
        <line num="262" type="stmt" count="5"/>
        <line num="271" type="method" name="loadRequestFormData" crap="3" count="3"/>
        <line num="273" type="stmt" count="3"/>
        <line num="274" type="stmt" count="1"/>
        <line num="275" type="stmt" count="1"/>
        <line num="276" type="stmt" count="1"/>
        <line num="277" type="stmt" count="2"/>
        <line num="278" type="stmt" count="2"/>
        <line num="279" type="stmt" count="2"/>
        <line num="280" type="stmt" count="2"/>
        <line num="282" type="stmt" count="3"/>
        <line num="291" type="method" name="loadRequestPath" crap="8.66" count="5"/>
        <line num="294" type="stmt" count="5"/>
        <line num="301" type="stmt" count="5"/>
        <line num="302" type="stmt" count="5"/>
        <line num="304" type="stmt" count="5"/>
        <line num="305" type="stmt" count="5"/>
        <line num="306" type="stmt" count="0"/>
        <line num="307" type="stmt" count="0"/>
        <line num="310" type="stmt" count="5"/>
        <line num="312" type="stmt" count="5"/>
        <line num="313" type="stmt" count="5"/>
        <line num="315" type="stmt" count="5"/>
        <line num="318" type="stmt" count="5"/>
        <line num="320" type="stmt" count="5"/>
        <line num="322" type="stmt" count="5"/>
        <line num="323" type="stmt" count="5"/>
        <line num="326" type="stmt" count="5"/>
        <line num="327" type="stmt" count="0"/>
        <line num="328" type="stmt" count="0"/>
        <line num="329" type="stmt" count="0"/>
        <line num="332" type="stmt" count="5"/>
        <line num="333" type="stmt" count="5"/>
        <line num="334" type="stmt" count="5"/>
        <line num="336" type="stmt" count="5"/>
        <line num="343" type="method" name="getRequestQueryKey" crap="1" count="5"/>
        <line num="345" type="stmt" count="5"/>
        <line num="347" type="stmt" count="5"/>
        <line num="348" type="stmt" count="5"/>
        <line num="350" type="stmt" count="5"/>
        <line num="358" type="method" name="loadRequestQuery" crap="2" count="5"/>
        <line num="360" type="stmt" count="5"/>
        <line num="362" type="stmt" count="5"/>
        <line num="363" type="stmt" count="5"/>
        <line num="365" type="stmt" count="5"/>
        <line num="366" type="stmt" count="5"/>
        <line num="367" type="stmt" count="5"/>
        <line num="368" type="stmt" count="5"/>
        <line num="370" type="stmt" count="5"/>
        <line num="378" type="method" name="loadRequestHeader" crap="2" count="1"/>
        <line num="380" type="stmt" count="1"/>
        <line num="382" type="stmt" count="1"/>
        <line num="383" type="stmt" count="1"/>
        <line num="384" type="stmt" count="1"/>
        <line num="385" type="stmt" count="1"/>
        <line num="387" type="stmt" count="1"/>
        <line num="395" type="method" name="loadResponseHeader" crap="2" count="1"/>
        <line num="397" type="stmt" count="1"/>
        <line num="399" type="stmt" count="1"/>
        <line num="400" type="stmt" count="1"/>
        <line num="401" type="stmt" count="1"/>
        <line num="402" type="stmt" count="1"/>
        <line num="404" type="stmt" count="1"/>
        <line num="412" type="method" name="loadRequestBody" crap="2.03" count="5"/>
        <line num="414" type="stmt" count="5"/>
        <line num="415" type="stmt" count="5"/>
        <line num="416" type="stmt" count="5"/>
        <line num="418" type="stmt" count="0"/>
        <line num="420" type="stmt" count="5"/>
        <line num="426" type="method" name="loadResponseBody" crap="2.03" count="5"/>
        <line num="428" type="stmt" count="5"/>
        <line num="429" type="stmt" count="5"/>
        <line num="430" type="stmt" count="5"/>
        <line num="432" type="stmt" count="0"/>
        <line num="434" type="stmt" count="5"/>
        <line num="436" type="method" name="loadBodyByContent" crap="7.08" count="5"/>
        <line num="438" type="stmt" count="5"/>
        <line num="439" type="stmt" count="5"/>
        <line num="441" type="stmt" count="5"/>
        <line num="442" type="stmt" count="5"/>
        <line num="443" type="stmt" count="5"/>
        <line num="444" type="stmt" count="5"/>
        <line num="446" type="stmt" count="5"/>
        <line num="447" type="stmt" count="5"/>
        <line num="448" type="stmt" count="5"/>
        <line num="450" type="stmt" count="5"/>
        <line num="451" type="stmt" count="5"/>
        <line num="452" type="stmt" count="5"/>
        <line num="453" type="stmt" count="5"/>
        <line num="454" type="stmt" count="5"/>
        <line num="457" type="stmt" count="5"/>
        <line num="458" type="stmt" count="5"/>
        <line num="459" type="stmt" count="5"/>
        <line num="460" type="stmt" count="5"/>
        <line num="462" type="stmt" count="0"/>
        <line num="463" type="stmt" count="0"/>
        <line num="464" type="stmt" count="0"/>
        <line num="466" type="stmt" count="0"/>
        <line num="467" type="stmt" count="0"/>
        <line num="468" type="stmt" count="0"/>
        <line num="469" type="stmt" count="0"/>
        <line num="470" type="stmt" count="0"/>
        <line num="471" type="stmt" count="0"/>
        <line num="472" type="stmt" count="5"/>
        <line num="473" type="stmt" count="5"/>
        <line num="479" type="method" name="buildBodyJson" crap="4.41" count="5"/>
        <line num="481" type="stmt" count="5"/>
        <line num="482" type="stmt" count="5"/>
        <line num="483" type="stmt" count="5"/>
        <line num="485" type="stmt" count="5"/>
        <line num="486" type="stmt" count="0"/>
        <line num="487" type="stmt" count="0"/>
        <line num="488" type="stmt" count="0"/>
        <line num="489" type="stmt" count="0"/>
        <line num="490" type="stmt" count="0"/>
        <line num="492" type="stmt" count="0"/>
        <line num="494" type="stmt" count="0"/>
        <line num="496" type="stmt" count="5"/>
        <line num="498" type="stmt" count="5"/>
        <line num="504" type="method" name="buildBodyXml" crap="56" count="0"/>
        <line num="506" type="stmt" count="0"/>
        <line num="507" type="stmt" count="0"/>
        <line num="508" type="stmt" count="0"/>
        <line num="510" type="stmt" count="0"/>
        <line num="511" type="stmt" count="0"/>
        <line num="512" type="stmt" count="0"/>
        <line num="513" type="stmt" count="0"/>
        <line num="515" type="stmt" count="0"/>
        <line num="516" type="stmt" count="0"/>
        <line num="517" type="stmt" count="0"/>
        <line num="518" type="stmt" count="0"/>
        <line num="520" type="stmt" count="0"/>
        <line num="522" type="stmt" count="0"/>
        <line num="523" type="stmt" count="0"/>
        <line num="524" type="stmt" count="0"/>
        <line num="525" type="stmt" count="0"/>
        <line num="526" type="stmt" count="0"/>
        <line num="527" type="stmt" count="0"/>
        <line num="529" type="stmt" count="0"/>
        <line num="531" type="stmt" count="0"/>
        <line num="533" type="stmt" count="0"/>
        <line num="535" type="stmt" count="0"/>
        <line num="536" type="stmt" count="0"/>
        <line num="537" type="stmt" count="0"/>
        <line num="538" type="stmt" count="0"/>
        <line num="539" type="stmt" count="0"/>
        <line num="540" type="stmt" count="0"/>
        <line num="542" type="stmt" count="0"/>
        <line num="544" type="stmt" count="0"/>
        <line num="546" type="stmt" count="0"/>
        <line num="550" type="stmt" count="0"/>
        <line num="555" type="method" name="cleanCheckedDataName" crap="1" count="5"/>
        <line num="557" type="stmt" count="5"/>
        <line num="558" type="stmt" count="5"/>
        <line num="559" type="stmt" count="5"/>
        <line num="560" type="stmt" count="5"/>
        <line num="561" type="stmt" count="5"/>
        <line num="562" type="stmt" count="5"/>
        <line num="569" type="method" name="getCheckedDataName" crap="1" count="5"/>
        <line num="571" type="stmt" count="5"/>
        <line num="581" type="method" name="getCheckedMethodFormLocation" crap="3.03" count="5"/>
        <line num="583" type="stmt" count="5"/>
        <line num="584" type="stmt" count="5"/>
        <line num="585" type="stmt" count="5"/>
        <line num="587" type="stmt" count="5"/>
        <line num="588" type="stmt" count="5"/>
        <line num="589" type="stmt" count="0"/>
        <line num="590" type="stmt" count="5"/>
        <line num="597" type="method" name="checkIsEmpty" crap="1" count="5"/>
        <line num="599" type="stmt" count="5"/>
        <line num="608" type="method" name="getEnv" crap="2.15" count="5"/>
        <line num="610" type="stmt" count="5"/>
        <line num="611" type="stmt" count="5"/>
        <line num="614" type="stmt" count="0"/>
        <line num="626" type="method" name="getRequestHeader" crap="1" count="5"/>
        <line num="628" type="stmt" count="5"/>
        <line num="640" type="method" name="getResponseHeader" crap="1" count="5"/>
        <line num="642" type="stmt" count="5"/>
        <line num="652" type="method" name="addCheckedDataName" crap="6.60" count="5"/>
        <line num="654" type="stmt" count="5"/>
        <line num="655" type="stmt" count="0"/>
        <line num="656" type="stmt" count="0"/>
        <line num="657" type="stmt" count="0"/>
        <line num="658" type="stmt" count="0"/>
        <line num="659" type="stmt" count="0"/>
        <line num="660" type="stmt" count="0"/>
        <line num="663" type="stmt" count="5"/>
        <line num="664" type="stmt" count="5"/>
        <line num="665" type="stmt" count="5"/>
        <line num="666" type="stmt" count="5"/>
        <line num="668" type="stmt" count="5"/>
        <line num="669" type="stmt" count="5"/>
        <line num="670" type="stmt" count="5"/>
        <line num="672" type="stmt" count="5"/>
        <line num="679" type="method" name="mock" crap="3.58" count="5"/>
        <line num="681" type="stmt" count="5"/>
        <line num="683" type="stmt" count="5"/>
        <line num="684" type="stmt" count="0"/>
        <line num="685" type="stmt" count="0"/>
        <line num="686" type="stmt" count="5"/>
        <line num="691" type="method" name="cleanParams" crap="2" count="0"/>
        <line num="693" type="stmt" count="0"/>
        <line num="694" type="stmt" count="0"/>
        <line num="695" type="stmt" count="0"/>
        <line num="696" type="stmt" count="0"/>
        <line num="697" type="stmt" count="0"/>
        <line num="705" type="method" name="logLoadFile" crap="2.50" count="11"/>
        <line num="707" type="stmt" count="11"/>
        <line num="708" type="stmt" count="0"/>
        <line num="709" type="stmt" count="0"/>
        <line num="710" type="stmt" count="11"/>
        <line num="718" type="method" name="logLoadRef" crap="2.50" count="11"/>
        <line num="720" type="stmt" count="11"/>
        <line num="721" type="stmt" count="0"/>
        <line num="722" type="stmt" count="0"/>
        <line num="723" type="stmt" count="11"/>
        <line num="732" type="method" name="logReplaceRef" crap="2.50" count="11"/>
        <line num="734" type="stmt" count="11"/>
        <line num="735" type="stmt" count="0"/>
        <line num="736" type="stmt" count="0"/>
        <line num="737" type="stmt" count="11"/>
        <line num="746" type="method" name="logDecode" crap="2.50" count="11"/>
        <line num="748" type="stmt" count="11"/>
        <line num="749" type="stmt" count="0"/>
        <line num="750" type="stmt" count="0"/>
        <line num="751" type="stmt" count="11"/>
        <line num="760" type="method" name="logValidate" crap="2.50" count="5"/>
        <line num="762" type="stmt" count="5"/>
        <line num="763" type="stmt" count="0"/>
        <line num="764" type="stmt" count="0"/>
        <line num="765" type="stmt" count="5"/>
        <line num="773" type="method" name="logModel" crap="2.50" count="5"/>
        <line num="775" type="stmt" count="5"/>
        <line num="776" type="stmt" count="0"/>
        <line num="777" type="stmt" count="0"/>
        <line num="778" type="stmt" count="5"/>
        <line num="788" type="method" name="logDebug" crap="2" count="0"/>
        <line num="790" type="stmt" count="0"/>
        <line num="791" type="stmt" count="0"/>
        <line num="799" type="method" name="logValidationError" crap="2" count="0"/>
        <line num="801" type="stmt" count="0"/>
        <line num="802" type="stmt" count="0"/>
        <line num="813" type="method" name="setValidationError" crap="132" count="0"/>
        <line num="815" type="stmt" count="0"/>
        <line num="816" type="stmt" count="0"/>
        <line num="817" type="stmt" count="0"/>
        <line num="818" type="stmt" count="0"/>
        <line num="821" type="stmt" count="0"/>
        <line num="822" type="stmt" count="0"/>
        <line num="823" type="stmt" count="0"/>
        <line num="824" type="stmt" count="0"/>
        <line num="825" type="stmt" count="0"/>
        <line num="826" type="stmt" count="0"/>
        <line num="828" type="stmt" count="0"/>
        <line num="829" type="stmt" count="0"/>
        <line num="830" type="stmt" count="0"/>
        <line num="831" type="stmt" count="0"/>
        <line num="832" type="stmt" count="0"/>
        <line num="834" type="stmt" count="0"/>
        <line num="836" type="stmt" count="0"/>
        <line num="837" type="stmt" count="0"/>
        <line num="840" type="stmt" count="0"/>
        <line num="841" type="stmt" count="0"/>
        <line num="842" type="stmt" count="0"/>
        <line num="843" type="stmt" count="0"/>
        <line num="845" type="stmt" count="0"/>
        <line num="846" type="stmt" count="0"/>
        <line num="847" type="stmt" count="0"/>
        <line num="848" type="stmt" count="0"/>
        <line num="849" type="stmt" count="0"/>
        <metrics loc="851" ncloc="599" classes="1" methods="38" coveredmethods="13" conditionals="0" coveredconditionals="0" statements="323" coveredstatements="190" elements="361" coveredelements="203"/>
      </file>
      <file name="/repos/SwaggerValidator-PHP/src/SwaggerValidator/Common/ContextBase.php">
        <class name="ContextBase" namespace="SwaggerValidator\Common">
          <metrics methods="43" coveredmethods="20" conditionals="0" coveredconditionals="0" statements="172" coveredstatements="109" elements="215" coveredelements="129"/>
        </class>
        <line num="160" type="method" name="__construct" crap="9.33" count="11"/>
        <line num="162" type="stmt" count="11"/>
        <line num="163" type="stmt" count="11"/>
        <line num="164" type="stmt" count="11"/>
        <line num="166" type="stmt" count="11"/>
        <line num="167" type="stmt" count="11"/>
        <line num="168" type="stmt" count="11"/>
        <line num="170" type="stmt" count="11"/>
        <line num="171" type="stmt" count="11"/>
        <line num="172" type="stmt" count="11"/>
        <line num="174" type="stmt" count="11"/>
        <line num="175" type="stmt" count="11"/>
        <line num="176" type="stmt" count="11"/>
        <line num="178" type="stmt" count="11"/>
        <line num="179" type="stmt" count="11"/>
        <line num="180" type="stmt" count="11"/>
        <line num="182" type="stmt" count="11"/>
        <line num="183" type="stmt" count="11"/>
        <line num="184" type="stmt" count="11"/>
        <line num="186" type="stmt" count="11"/>
        <line num="187" type="stmt" count="0"/>
        <line num="188" type="stmt" count="0"/>
        <line num="190" type="stmt" count="11"/>
        <line num="191" type="stmt" count="0"/>
        <line num="192" type="stmt" count="0"/>
        <line num="193" type="stmt" count="11"/>
        <line num="195" type="method" name="formatVarName" crap="2.15" count="11"/>
        <line num="197" type="stmt" count="11"/>
        <line num="198" type="stmt" count="0"/>
        <line num="201" type="stmt" count="11"/>
        <line num="204" type="method" name="__get" crap="4.07" count="11"/>
        <line num="206" type="stmt" count="11"/>
        <line num="207" type="stmt" count="5"/>
        <line num="210" type="stmt" count="11"/>
        <line num="211" type="stmt" count="11"/>
        <line num="212" type="stmt" count="11"/>
        <line num="214" type="stmt" count="0"/>
        <line num="216" type="method" name="__set" crap="20" count="0"/>
        <line num="218" type="stmt" count="0"/>
        <line num="219" type="stmt" count="0"/>
        <line num="221" type="stmt" count="0"/>
        <line num="222" type="stmt" count="0"/>
        <line num="223" type="stmt" count="0"/>
        <line num="225" type="stmt" count="0"/>
        <line num="227" type="stmt" count="0"/>
        <line num="228" type="stmt" count="0"/>
        <line num="230" type="method" name="__isset" crap="2" count="11"/>
        <line num="232" type="stmt" count="11"/>
        <line num="233" type="stmt" count="11"/>
        <line num="236" type="method" name="__unset" crap="20" count="0"/>
        <line num="238" type="stmt" count="0"/>
        <line num="239" type="stmt" count="0"/>
        <line num="242" type="stmt" count="0"/>
        <line num="244" type="stmt" count="0"/>
        <line num="245" type="stmt" count="0"/>
        <line num="246" type="stmt" count="0"/>
        <line num="248" type="stmt" count="0"/>
        <line num="249" type="stmt" count="0"/>
        <line num="252" type="stmt" count="0"/>
        <line num="253" type="stmt" count="0"/>
        <line num="255" type="method" name="__toString" crap="2" count="0"/>
        <line num="257" type="stmt" count="0"/>
        <line num="260" type="method" name="__debugInfo" crap="20" count="0"/>
        <line num="262" type="stmt" count="0"/>
        <line num="264" type="stmt" count="0"/>
        <line num="265" type="stmt" count="0"/>
        <line num="266" type="stmt" count="0"/>
        <line num="267" type="stmt" count="0"/>
        <line num="268" type="stmt" count="0"/>
        <line num="270" type="stmt" count="0"/>
        <line num="273" type="method" name="setMode" crap="3.79" count="5"/>
        <line num="276" type="stmt" count="5"/>
        <line num="277" type="stmt" count="5"/>
        <line num="278" type="stmt" count="5"/>
        <line num="279" type="stmt" count="5"/>
        <line num="281" type="stmt" count="0"/>
        <line num="282" type="stmt" count="0"/>
        <line num="283" type="stmt" count="0"/>
        <line num="284" type="stmt" count="0"/>
        <line num="285" type="stmt" count="5"/>
        <line num="288" type="method" name="getMode" crap="1" count="5"/>
        <line num="290" type="stmt" count="5"/>
        <line num="293" type="method" name="setType" crap="3.79" count="5"/>
        <line num="296" type="stmt" count="5"/>
        <line num="297" type="stmt" count="5"/>
        <line num="298" type="stmt" count="5"/>
        <line num="299" type="stmt" count="5"/>
        <line num="301" type="stmt" count="0"/>
        <line num="302" type="stmt" count="0"/>
        <line num="303" type="stmt" count="0"/>
        <line num="304" type="stmt" count="0"/>
        <line num="305" type="stmt" count="5"/>
        <line num="308" type="method" name="getType" crap="1" count="5"/>
        <line num="310" type="stmt" count="5"/>
        <line num="313" type="method" name="setLocation" crap="11.19" count="5"/>
        <line num="315" type="stmt" count="5"/>
        <line num="316" type="stmt" count="5"/>
        <line num="317" type="stmt" count="5"/>
        <line num="318" type="stmt" count="5"/>
        <line num="319" type="stmt" count="5"/>
        <line num="321" type="stmt" count="5"/>
        <line num="322" type="stmt" count="5"/>
        <line num="323" type="stmt" count="5"/>
        <line num="324" type="stmt" count="5"/>
        <line num="326" type="stmt" count="5"/>
        <line num="327" type="stmt" count="5"/>
        <line num="328" type="stmt" count="2"/>
        <line num="329" type="stmt" count="2"/>
        <line num="331" type="stmt" count="5"/>
        <line num="332" type="stmt" count="5"/>
        <line num="333" type="stmt" count="5"/>
        <line num="334" type="stmt" count="5"/>
        <line num="336" type="stmt" count="5"/>
        <line num="337" type="stmt" count="5"/>
        <line num="338" type="stmt" count="5"/>
        <line num="339" type="stmt" count="5"/>
        <line num="341" type="stmt" count="0"/>
        <line num="342" type="stmt" count="0"/>
        <line num="343" type="stmt" count="0"/>
        <line num="344" type="stmt" count="5"/>
        <line num="345" type="stmt" count="5"/>
        <line num="348" type="method" name="getLocation" crap="1" count="5"/>
        <line num="350" type="stmt" count="5"/>
        <line num="353" type="method" name="setMethod" crap="8.51" count="5"/>
        <line num="355" type="stmt" count="5"/>
        <line num="356" type="stmt" count="5"/>
        <line num="357" type="stmt" count="5"/>
        <line num="358" type="stmt" count="5"/>
        <line num="359" type="stmt" count="5"/>
        <line num="360" type="stmt" count="5"/>
        <line num="361" type="stmt" count="5"/>
        <line num="362" type="stmt" count="5"/>
        <line num="363" type="stmt" count="5"/>
        <line num="364" type="stmt" count="5"/>
        <line num="366" type="stmt" count="0"/>
        <line num="367" type="stmt" count="0"/>
        <line num="368" type="stmt" count="0"/>
        <line num="369" type="stmt" count="5"/>
        <line num="371" type="stmt" count="5"/>
        <line num="374" type="method" name="getMethod" crap="1" count="5"/>
        <line num="376" type="stmt" count="5"/>
        <line num="379" type="method" name="loadMethod" crap="1" count="5"/>
        <line num="381" type="stmt" count="5"/>
        <line num="384" type="method" name="setBasePath" crap="1" count="5"/>
        <line num="386" type="stmt" count="5"/>
        <line num="387" type="stmt" count="5"/>
        <line num="390" type="method" name="getBasePath" crap="1" count="5"/>
        <line num="392" type="stmt" count="5"/>
        <line num="395" type="method" name="setRoutePath" crap="1" count="5"/>
        <line num="397" type="stmt" count="5"/>
        <line num="398" type="stmt" count="5"/>
        <line num="401" type="method" name="getRoutePath" crap="2" count="0"/>
        <line num="403" type="stmt" count="0"/>
        <line num="406" type="method" name="setRequestPath" crap="1" count="5"/>
        <line num="408" type="stmt" count="5"/>
        <line num="409" type="stmt" count="5"/>
        <line num="412" type="method" name="getRequestPath" crap="1" count="5"/>
        <line num="414" type="stmt" count="5"/>
        <line num="417" type="method" name="setScheme" crap="2" count="0"/>
        <line num="419" type="stmt" count="0"/>
        <line num="420" type="stmt" count="0"/>
        <line num="423" type="method" name="getScheme" crap="1" count="5"/>
        <line num="425" type="stmt" count="5"/>
        <line num="428" type="method" name="setHost" crap="2" count="0"/>
        <line num="430" type="stmt" count="0"/>
        <line num="431" type="stmt" count="0"/>
        <line num="434" type="method" name="getHost" crap="1" count="5"/>
        <line num="436" type="stmt" count="5"/>
        <line num="439" type="method" name="addContext" crap="2" count="0"/>
        <line num="441" type="stmt" count="0"/>
        <line num="442" type="stmt" count="0"/>
        <line num="445" type="method" name="getContext" crap="2" count="0"/>
        <line num="447" type="stmt" count="0"/>
        <line num="450" type="method" name="setCombined" crap="2" count="0"/>
        <line num="452" type="stmt" count="0"/>
        <line num="453" type="stmt" count="0"/>
        <line num="456" type="method" name="getCombined" crap="2" count="0"/>
        <line num="458" type="stmt" count="0"/>
        <line num="461" type="method" name="setDataPath" crap="1" count="11"/>
        <line num="463" type="stmt" count="11"/>
        <line num="465" type="stmt" count="11"/>
        <line num="467" type="stmt" count="11"/>
        <line num="470" type="method" name="getDataPath" crap="1" count="11"/>
        <line num="472" type="stmt" count="11"/>
        <line num="475" type="method" name="setExternalRef" crap="2" count="11"/>
        <line num="477" type="stmt" count="11"/>
        <line num="479" type="stmt" count="11"/>
        <line num="480" type="stmt" count="11"/>
        <line num="481" type="stmt" count="11"/>
        <line num="483" type="stmt" count="11"/>
        <line num="486" type="method" name="getExternalRef" crap="2" count="0"/>
        <line num="488" type="stmt" count="0"/>
        <line num="491" type="method" name="getLastExternalRef" crap="2" count="0"/>
        <line num="493" type="stmt" count="0"/>
        <line num="494" type="stmt" count="0"/>
        <line num="497" type="method" name="checkExternalRef" crap="2.15" count="5"/>
        <line num="499" type="stmt" count="5"/>
        <line num="500" type="stmt" count="5"/>
        <line num="503" type="stmt" count="0"/>
        <line num="506" type="method" name="setDataCheck" crap="1" count="5"/>
        <line num="508" type="stmt" count="5"/>
        <line num="509" type="stmt" count="5"/>
        <line num="512" type="method" name="getDataCheck" crap="2" count="0"/>
        <line num="514" type="stmt" count="0"/>
        <line num="517" type="method" name="setDataValue" crap="1" count="5"/>
        <line num="519" type="stmt" count="5"/>
        <line num="520" type="stmt" count="5"/>
        <line num="521" type="stmt" count="5"/>
        <line num="523" type="stmt" count="5"/>
        <line num="526" type="method" name="getDataValue" crap="1" count="5"/>
        <line num="528" type="stmt" count="5"/>
        <line num="531" type="method" name="isDataExists" crap="1" count="5"/>
        <line num="533" type="stmt" count="5"/>
        <line num="536" type="method" name="isDataEmpty" crap="2" count="0"/>
        <line num="538" type="stmt" count="0"/>
        <metrics loc="541" ncloc="432" classes="1" methods="43" coveredmethods="20" conditionals="0" coveredconditionals="0" statements="172" coveredstatements="109" elements="215" coveredelements="129"/>
      </file>
      <file name="/repos/SwaggerValidator-PHP/src/SwaggerValidator/Common/Factory.php">
        <class name="Factory" namespace="SwaggerValidator\Common">
          <metrics methods="16" coveredmethods="7" conditionals="0" coveredconditionals="0" statements="57" coveredstatements="30" elements="73" coveredelements="37"/>
        </class>
        <line num="39" type="method" name="__construct" crap="1" count="11"/>
        <line num="42" type="stmt" count="11"/>
        <line num="48" type="method" name="getInstance" crap="2" count="11"/>
        <line num="50" type="stmt" count="11"/>
        <line num="51" type="stmt" count="11"/>
        <line num="52" type="stmt" count="11"/>
        <line num="54" type="stmt" count="11"/>
        <line num="60" type="method" name="setInstance" crap="2" count="0"/>
        <line num="62" type="stmt" count="0"/>
        <line num="63" type="stmt" count="0"/>
        <line num="68" type="method" name="pruneInstance" crap="1" count="11"/>
        <line num="70" type="stmt" count="11"/>
        <line num="71" type="stmt" count="11"/>
        <line num="78" type="method" name="getClass" crap="2.15" count="11"/>
        <line num="80" type="stmt" count="11"/>
        <line num="81" type="stmt" count="11"/>
        <line num="83" type="stmt" count="11"/>
        <line num="84" type="stmt" count="0"/>
        <line num="85" type="stmt" count="0"/>
        <line num="87" type="stmt" count="11"/>
        <line num="95" type="method" name="__get" crap="2" count="11"/>
        <line num="97" type="stmt" count="11"/>
        <line num="98" type="stmt" count="11"/>
        <line num="100" type="stmt" count="11"/>
        <line num="101" type="stmt" count="11"/>
        <line num="102" type="stmt" count="11"/>
        <line num="104" type="stmt" count="11"/>
        <line num="107" type="stmt" count="11"/>
        <line num="119" type="method" name="call" crap="20" count="0"/>
        <line num="121" type="stmt" count="0"/>
        <line num="123" type="stmt" count="0"/>
        <line num="124" type="stmt" count="0"/>
        <line num="125" type="stmt" count="0"/>
        <line num="126" type="stmt" count="0"/>
        <line num="128" type="stmt" count="0"/>
        <line num="129" type="stmt" count="0"/>
        <line num="132" type="stmt" count="0"/>
        <line num="133" type="stmt" count="0"/>
        <line num="136" type="stmt" count="0"/>
        <line num="146" type="method" name="invoke" crap="2" count="11"/>
        <line num="148" type="stmt" count="11"/>
        <line num="149" type="stmt" count="11"/>
        <line num="151" type="stmt" count="11"/>
        <line num="152" type="stmt" count="11"/>
        <line num="154" type="stmt" count="11"/>
        <line num="155" type="stmt" count="11"/>
        <line num="157" type="stmt" count="11"/>
        <line num="158" type="stmt" count="11"/>
        <line num="159" type="stmt" count="11"/>
        <line num="161" type="stmt" count="11"/>
        <line num="169" type="method" name="__set" crap="12" count="0"/>
        <line num="171" type="stmt" count="0"/>
        <line num="172" type="stmt" count="0"/>
        <line num="174" type="stmt" count="0"/>
        <line num="175" type="stmt" count="0"/>
        <line num="176" type="stmt" count="0"/>
        <line num="177" type="stmt" count="0"/>
        <line num="179" type="method" name="jsonSerialize" crap="2" count="0"/>
        <line num="182" type="stmt" count="0"/>
        <line num="184" type="method" name="serialize" crap="2" count="0"/>
        <line num="186" type="stmt" count="0"/>
        <line num="189" type="method" name="unserialize" crap="2" count="0"/>
        <line num="192" type="stmt" count="0"/>
        <line num="199" type="method" name="get" crap="1" count="11"/>
        <line num="201" type="stmt" count="11"/>
        <line num="209" type="method" name="set" crap="2" count="0"/>
        <line num="211" type="stmt" count="0"/>
        <line num="214" type="method" name="normalizeType" crap="1" count="11"/>
        <line num="216" type="stmt" count="11"/>
        <line num="224" type="method" name="registerType" crap="2" count="0"/>
        <line num="226" type="stmt" count="0"/>
        <line num="227" type="stmt" count="0"/>
        <line num="229" type="stmt" count="0"/>
        <metrics loc="232" ncloc="148" classes="1" methods="16" coveredmethods="7" conditionals="0" coveredconditionals="0" statements="57" coveredstatements="30" elements="73" coveredelements="37"/>
      </file>
      <file name="/repos/SwaggerValidator-PHP/src/SwaggerValidator/Common/FactorySwagger.php">
        <class name="FactorySwagger" namespace="SwaggerValidator\Common">
          <metrics methods="12" coveredmethods="3" conditionals="0" coveredconditionals="0" statements="160" coveredstatements="114" elements="172" coveredelements="117"/>
        </class>
        <line num="142" type="method" name="__construct" crap="1" count="11"/>
        <line num="145" type="stmt" count="11"/>
        <line num="151" type="method" name="getInstance" crap="2" count="11"/>
        <line num="153" type="stmt" count="11"/>
        <line num="154" type="stmt" count="11"/>
        <line num="155" type="stmt" count="11"/>
        <line num="157" type="stmt" count="11"/>
        <line num="163" type="method" name="setInstance" crap="2" count="0"/>
        <line num="165" type="stmt" count="0"/>
        <line num="166" type="stmt" count="0"/>
        <line num="171" type="method" name="pruneInstance" crap="1" count="11"/>
        <line num="173" type="stmt" count="11"/>
        <line num="174" type="stmt" count="11"/>
        <line num="176" type="method" name="jsonUnSerialize" crap="22.12" count="11"/>
        <line num="178" type="stmt" count="11"/>
        <line num="179" type="stmt" count="11"/>
        <line num="181" type="stmt" count="11"/>
        <line num="182" type="stmt" count="11"/>
        <line num="184" type="stmt" count="11"/>
        <line num="185" type="stmt" count="3"/>
        <line num="187" type="stmt" count="11"/>
        <line num="188" type="stmt" count="0"/>
        <line num="191" type="stmt" count="11"/>
        <line num="192" type="stmt" count="11"/>
        <line num="195" type="stmt" count="11"/>
        <line num="196" type="stmt" count="11"/>
        <line num="199" type="stmt" count="11"/>
        <line num="200" type="stmt" count="11"/>
        <line num="203" type="stmt" count="11"/>
        <line num="204" type="stmt" count="11"/>
        <line num="207" type="stmt" count="11"/>
        <line num="208" type="stmt" count="0"/>
        <line num="209" type="stmt" count="0"/>
        <line num="210" type="stmt" count="11"/>
        <line num="211" type="stmt" count="2"/>
        <line num="214" type="stmt" count="11"/>
        <line num="217" type="method" name="returnBuildObject" crap="2.15" count="11"/>
        <line num="219" type="stmt" count="11"/>
        <line num="220" type="stmt" count="11"/>
        <line num="222" type="stmt" count="11"/>
        <line num="223" type="stmt" count="0"/>
        <line num="224" type="stmt" count="0"/>
        <line num="226" type="stmt" count="11"/>
        <line num="229" type="method" name="buildObjectFromOriginObject" crap="11.20" count="11"/>
        <line num="231" type="stmt" count="11"/>
        <line num="232" type="stmt" count="11"/>
        <line num="233" type="stmt" count="11"/>
        <line num="235" type="stmt" count="11"/>
        <line num="236" type="stmt" count="11"/>
        <line num="237" type="stmt" count="11"/>
        <line num="240" type="stmt" count="11"/>
        <line num="241" type="stmt" count="11"/>
        <line num="242" type="stmt" count="0"/>
        <line num="243" type="stmt" count="0"/>
        <line num="245" type="stmt" count="11"/>
        <line num="246" type="stmt" count="6"/>
        <line num="247" type="stmt" count="6"/>
        <line num="249" type="stmt" count="11"/>
        <line num="250" type="stmt" count="11"/>
        <line num="251" type="stmt" count="11"/>
        <line num="253" type="stmt" count="11"/>
        <line num="255" type="stmt" count="11"/>
        <line num="256" type="stmt" count="3"/>
        <line num="257" type="stmt" count="3"/>
        <line num="258" type="stmt" count="3"/>
        <line num="260" type="stmt" count="11"/>
        <line num="261" type="stmt" count="9"/>
        <line num="262" type="stmt" count="9"/>
        <line num="264" type="stmt" count="11"/>
        <line num="265" type="stmt" count="11"/>
        <line num="266" type="stmt" count="11"/>
        <line num="267" type="stmt" count="11"/>
        <line num="269" type="stmt" count="11"/>
        <line num="271" type="stmt" count="11"/>
        <line num="274" type="stmt" count="11"/>
        <line num="275" type="stmt" count="0"/>
        <line num="276" type="stmt" count="0"/>
        <line num="278" type="stmt" count="11"/>
        <line num="281" type="method" name="buildObjectFromOriginKey" crap="13.69" count="11"/>
        <line num="283" type="stmt" count="11"/>
        <line num="285" type="stmt" count="11"/>
        <line num="286" type="stmt" count="11"/>
        <line num="287" type="stmt" count="11"/>
        <line num="290" type="stmt" count="11"/>
        <line num="291" type="stmt" count="11"/>
        <line num="292" type="stmt" count="0"/>
        <line num="293" type="stmt" count="0"/>
        <line num="294" type="stmt" count="11"/>
        <line num="295" type="stmt" count="2"/>
        <line num="296" type="stmt" count="2"/>
        <line num="297" type="stmt" count="11"/>
        <line num="298" type="stmt" count="11"/>
        <line num="301" type="stmt" count="2"/>
        <line num="303" type="stmt" count="2"/>
        <line num="305" type="stmt" count="11"/>
        <line num="306" type="stmt" count="9"/>
        <line num="307" type="stmt" count="9"/>
        <line num="308" type="stmt" count="9"/>
        <line num="310" type="stmt" count="5"/>
        <line num="312" type="stmt" count="9"/>
        <line num="315" type="stmt" count="11"/>
        <line num="316" type="stmt" count="0"/>
        <line num="317" type="stmt" count="0"/>
        <line num="319" type="stmt" count="11"/>
        <line num="322" type="method" name="buildPrimitive" crap="2.26" count="11"/>
        <line num="324" type="stmt" count="11"/>
        <line num="326" type="stmt" count="11"/>
        <line num="327" type="stmt" count="0"/>
        <line num="328" type="stmt" count="0"/>
        <line num="330" type="stmt" count="11"/>
        <line num="333" type="method" name="getPrimitiveType" crap="11.56" count="11"/>
        <line num="335" type="stmt" count="11"/>
        <line num="337" type="stmt" count="11"/>
        <line num="338" type="stmt" count="0"/>
        <line num="339" type="stmt" count="0"/>
        <line num="341" type="stmt" count="11"/>
        <line num="343" type="stmt" count="11"/>
        <line num="344" type="stmt" count="11"/>
        <line num="345" type="stmt" count="11"/>
        <line num="347" type="stmt" count="11"/>
        <line num="348" type="stmt" count="7"/>
        <line num="350" type="stmt" count="11"/>
        <line num="351" type="stmt" count="5"/>
        <line num="353" type="stmt" count="11"/>
        <line num="354" type="stmt" count="11"/>
        <line num="356" type="stmt" count="11"/>
        <line num="357" type="stmt" count="7"/>
        <line num="359" type="stmt" count="11"/>
        <line num="360" type="stmt" count="11"/>
        <line num="362" type="stmt" count="11"/>
        <line num="363" type="stmt" count="11"/>
        <line num="365" type="stmt" count="0"/>
        <line num="366" type="stmt" count="0"/>
        <line num="367" type="stmt" count="0"/>
        <line num="368" type="stmt" count="0"/>
        <line num="370" type="method" name="extractReference" crap="20" count="0"/>
        <line num="372" type="stmt" count="0"/>
        <line num="373" type="stmt" count="0"/>
        <line num="376" type="stmt" count="0"/>
        <line num="377" type="stmt" count="0"/>
        <line num="378" type="stmt" count="0"/>
        <line num="380" type="stmt" count="0"/>
        <line num="381" type="stmt" count="0"/>
        <line num="383" type="stmt" count="0"/>
        <line num="386" type="method" name="SecurityDefinition" crap="31.75" count="9"/>
        <line num="388" type="stmt" count="9"/>
        <line num="389" type="stmt" count="9"/>
        <line num="391" type="stmt" count="9"/>
        <line num="392" type="stmt" count="0"/>
        <line num="393" type="stmt" count="0"/>
        <line num="395" type="stmt" count="9"/>
        <line num="396" type="stmt" count="9"/>
        <line num="397" type="stmt" count="0"/>
        <line num="399" type="stmt" count="9"/>
        <line num="400" type="stmt" count="4"/>
        <line num="402" type="stmt" count="9"/>
        <line num="403" type="stmt" count="9"/>
        <line num="404" type="stmt" count="0"/>
        <line num="405" type="stmt" count="0"/>
        <line num="407" type="stmt" count="9"/>
        <line num="408" type="stmt" count="9"/>
        <line num="409" type="stmt" count="9"/>
        <line num="411" type="stmt" count="0"/>
        <line num="412" type="stmt" count="0"/>
        <line num="414" type="stmt" count="0"/>
        <line num="415" type="stmt" count="0"/>
        <line num="417" type="stmt" count="0"/>
        <line num="418" type="stmt" count="0"/>
        <line num="419" type="stmt" count="0"/>
        <line num="420" type="stmt" count="0"/>
        <line num="422" type="stmt" count="0"/>
        <line num="423" type="stmt" count="0"/>
        <metrics loc="425" ncloc="361" classes="1" methods="12" coveredmethods="3" conditionals="0" coveredconditionals="0" statements="160" coveredstatements="114" elements="172" coveredelements="117"/>
      </file>
      <file name="/repos/SwaggerValidator-PHP/src/SwaggerValidator/Common/ReferenceFile.php">
        <class name="ReferenceFile" namespace="SwaggerValidator\Common">
          <metrics methods="11" coveredmethods="2" conditionals="0" coveredconditionals="0" statements="160" coveredstatements="98" elements="171" coveredelements="100"/>
        </class>
        <line num="40" type="method" name="__construct" crap="28.79" count="11"/>
        <line num="42" type="stmt" count="11"/>
        <line num="44" type="stmt" count="11"/>
        <line num="46" type="stmt" count="11"/>
        <line num="47" type="stmt" count="11"/>
        <line num="48" type="stmt" count="11"/>
        <line num="50" type="stmt" count="11"/>
        <line num="51" type="stmt" count="11"/>
        <line num="52" type="stmt" count="11"/>
        <line num="53" type="stmt" count="11"/>
[...]
        <line num="94" type="stmt" count="5"/>
        <line num="96" type="stmt" count="5"/>
        <line num="97" type="stmt" count="5"/>
        <metrics loc="99" ncloc="78" classes="1" methods="4" coveredmethods="1" conditionals="0" coveredconditionals="0" statements="37" coveredstatements="27" elements="41" coveredelements="28"/>
      </file>
      <file name="/repos/SwaggerValidator-PHP/src/SwaggerValidator/Object/Security.php">
        <class name="Security" namespace="SwaggerValidator\Object">
          <metrics methods="2" coveredmethods="1" conditionals="0" coveredconditionals="0" statements="11" coveredstatements="9" elements="13" coveredelements="10"/>
        </class>
        <line num="30" type="method" name="__construct" crap="1" count="9"/>
        <line num="33" type="stmt" count="9"/>
        <line num="35" type="method" name="jsonUnSerialize" crap="3.07" count="9"/>
        <line num="37" type="stmt" count="9"/>
        <line num="38" type="stmt" count="0"/>
        <line num="39" type="stmt" count="0"/>
        <line num="41" type="stmt" count="9"/>
        <line num="43" type="stmt" count="9"/>
        <line num="45" type="stmt" count="9"/>
        <line num="46" type="stmt" count="9"/>
        <line num="47" type="stmt" count="9"/>
        <line num="49" type="stmt" count="9"/>
        <line num="50" type="stmt" count="9"/>
        <metrics loc="52" ncloc="31" classes="1" methods="2" coveredmethods="1" conditionals="0" coveredconditionals="0" statements="11" coveredstatements="9" elements="13" coveredelements="10"/>
      </file>
      <file name="/repos/SwaggerValidator-PHP/src/SwaggerValidator/Object/SecurityDefinitions.php">
        <class name="SecurityDefinitions" namespace="SwaggerValidator\Object">
          <metrics methods="2" coveredmethods="1" conditionals="0" coveredconditionals="0" statements="13" coveredstatements="9" elements="15" coveredelements="10"/>
        </class>
        <line num="30" type="method" name="__construct" crap="1" count="9"/>
        <line num="33" type="stmt" count="9"/>
        <line num="35" type="method" name="jsonUnSerialize" crap="4.59" count="9"/>
        <line num="37" type="stmt" count="9"/>
        <line num="38" type="stmt" count="0"/>
        <line num="39" type="stmt" count="0"/>
        <line num="41" type="stmt" count="9"/>
        <line num="42" type="stmt" count="0"/>
        <line num="43" type="stmt" count="0"/>
        <line num="45" type="stmt" count="9"/>
        <line num="47" type="stmt" count="9"/>
        <line num="48" type="stmt" count="9"/>
        <line num="49" type="stmt" count="9"/>
        <line num="51" type="stmt" count="9"/>
        <line num="52" type="stmt" count="9"/>
        <metrics loc="54" ncloc="33" classes="1" methods="2" coveredmethods="1" conditionals="0" coveredconditionals="0" statements="13" coveredstatements="9" elements="15" coveredelements="10"/>
      </file>
      <file name="/repos/SwaggerValidator-PHP/src/SwaggerValidator/Object/SecurityItem.php">
        <class name="SecurityItem" namespace="SwaggerValidator\Object">
          <metrics methods="2" coveredmethods="1" conditionals="0" coveredconditionals="0" statements="13" coveredstatements="9" elements="15" coveredelements="10"/>
        </class>
        <line num="30" type="method" name="__construct" crap="1" count="9"/>
        <line num="33" type="stmt" count="9"/>
        <line num="35" type="method" name="jsonUnSerialize" crap="4.59" count="9"/>
        <line num="37" type="stmt" count="9"/>
        <line num="38" type="stmt" count="0"/>
        <line num="39" type="stmt" count="0"/>
        <line num="41" type="stmt" count="9"/>
        <line num="42" type="stmt" count="0"/>
        <line num="43" type="stmt" count="0"/>
        <line num="45" type="stmt" count="9"/>
        <line num="47" type="stmt" count="9"/>
        <line num="48" type="stmt" count="9"/>
        <line num="49" type="stmt" count="9"/>
        <line num="51" type="stmt" count="9"/>
        <line num="52" type="stmt" count="9"/>
        <metrics loc="54" ncloc="33" classes="1" methods="2" coveredmethods="1" conditionals="0" coveredconditionals="0" statements="13" coveredstatements="9" elements="15" coveredelements="10"/>
      </file>
      <file name="/repos/SwaggerValidator-PHP/src/SwaggerValidator/Object/Swagger.php">
        <class name="Swagger" namespace="SwaggerValidator\Object">
          <metrics methods="16" coveredmethods="1" conditionals="0" coveredconditionals="0" statements="173" coveredstatements="117" elements="189" coveredelements="118"/>
        </class>
        <line num="30" type="method" name="__construct" crap="1" count="11"/>
        <line num="32" type="stmt" count="11"/>
        <line num="33" type="stmt" count="11"/>
        <line num="34" type="stmt" count="11"/>
        <line num="35" type="stmt" count="11"/>
        <line num="42" type="method" name="jsonUnSerialize" crap="5.27" count="11"/>
        <line num="44" type="stmt" count="11"/>
        <line num="45" type="stmt" count="0"/>
        <line num="46" type="stmt" count="0"/>
        <line num="48" type="stmt" count="11"/>
        <line num="49" type="stmt" count="0"/>
        <line num="50" type="stmt" count="0"/>
        <line num="52" type="stmt" count="11"/>
        <line num="54" type="stmt" count="11"/>
        <line num="55" type="stmt" count="8"/>
        <line num="58" type="stmt" count="11"/>
        <line num="59" type="stmt" count="11"/>
        <line num="60" type="stmt" count="11"/>
        <line num="62" type="stmt" count="11"/>
        <line num="63" type="stmt" count="11"/>
        <line num="64" type="stmt" count="11"/>
        <line num="65" type="stmt" count="11"/>
        <line num="67" type="stmt" count="11"/>
        <line num="68" type="stmt" count="11"/>
        <line num="74" type="method" name="jsonSerialize" crap="2.09" count="5"/>
        <line num="76" type="stmt" count="5"/>
        <line num="78" type="stmt" count="5"/>
        <line num="79" type="stmt" count="5"/>
        <line num="81" type="stmt" count="5"/>
        <line num="82" type="stmt" count="0"/>
        <line num="83" type="stmt" count="0"/>
        <line num="85" type="stmt" count="5"/>
        <line num="93" type="method" name="validate" crap="14.97" count="5"/>
        <line num="95" type="stmt" count="5"/>
        <line num="97" type="stmt" count="5"/>
        <line num="98" type="stmt" count="5"/>
        <line num="100" type="stmt" count="5"/>
        <line num="101" type="stmt" count="5"/>
        <line num="102" type="stmt" count="5"/>
        <line num="104" type="stmt" count="5"/>
        <line num="106" type="stmt" count="5"/>
        <line num="107" type="stmt" count="0"/>
        <line num="110" type="stmt" count="5"/>
        <line num="111" type="stmt" count="5"/>
        <line num="113" type="stmt" count="5"/>
        <line num="114" type="stmt" count="5"/>
        <line num="115" type="stmt" count="5"/>
        <line num="116" type="stmt" count="5"/>
        <line num="117" type="stmt" count="5"/>
        <line num="118" type="stmt" count="5"/>
        <line num="120" type="stmt" count="5"/>
        <line num="122" type="stmt" count="5"/>
        <line num="123" type="stmt" count="5"/>
        <line num="125" type="stmt" count="5"/>
        <line num="126" type="stmt" count="0"/>
        <line num="129" type="stmt" count="5"/>
        <line num="130" type="stmt" count="0"/>
        <line num="131" type="stmt" count="0"/>
        <line num="132" type="stmt" count="0"/>
        <line num="135" type="stmt" count="5"/>
        <line num="137" type="stmt" count="5"/>
        <line num="138" type="stmt" count="5"/>
        <line num="139" type="stmt" count="5"/>
        <line num="141" type="stmt" count="5"/>
        <line num="142" type="stmt" count="0"/>
        <line num="143" type="stmt" count="0"/>
        <line num="144" type="stmt" count="5"/>
        <line num="146" type="stmt" count="5"/>
        <line num="147" type="stmt" count="5"/>
        <line num="149" type="stmt" count="5"/>
        <line num="150" type="stmt" count="5"/>
        <line num="153" type="stmt" count="5"/>
        <line num="155" type="stmt" count="5"/>
        <line num="156" type="stmt" count="5"/>
        <line num="157" type="stmt" count="5"/>
        <line num="159" type="stmt" count="0"/>
        <line num="160" type="stmt" count="5"/>
        <line num="162" type="stmt" count="5"/>
        <line num="164" type="stmt" count="5"/>
        <line num="165" type="stmt" count="5"/>
        <line num="173" type="method" name="checkSwaggerVersion" crap="2.15" count="5"/>
        <line num="175" type="stmt" count="5"/>
        <line num="176" type="stmt" count="0"/>
        <line num="179" type="stmt" count="5"/>
        <line num="187" type="method" name="checkSchemes" crap="6.97" count="5"/>
        <line num="189" type="stmt" count="5"/>
        <line num="190" type="stmt" count="0"/>
        <line num="193" type="stmt" count="5"/>
        <line num="194" type="stmt" count="5"/>
        <line num="195" type="stmt" count="5"/>
        <line num="197" type="stmt" count="0"/>
        <line num="199" type="stmt" count="0"/>
        <line num="207" type="method" name="checkHost" crap="6.97" count="5"/>
        <line num="209" type="stmt" count="5"/>
        <line num="210" type="stmt" count="0"/>
        <line num="213" type="stmt" count="5"/>
        <line num="214" type="stmt" count="0"/>
        <line num="217" type="stmt" count="5"/>
        <line num="218" type="stmt" count="5"/>
        <line num="221" type="stmt" count="0"/>
        <line num="229" type="method" name="checkBasePath" crap="3.21" count="5"/>
        <line num="231" type="stmt" count="5"/>
        <line num="232" type="stmt" count="0"/>
        <line num="235" type="stmt" count="5"/>
        <line num="236" type="stmt" count="0"/>
        <line num="239" type="stmt" count="5"/>
        <line num="240" type="stmt" count="5"/>
        <line num="242" type="stmt" count="5"/>
        <line num="250" type="method" name="checkConsume" crap="68.99" count="5"/>
        <line num="252" type="stmt" count="5"/>
        <line num="253" type="stmt" count="5"/>
        <line num="256" type="stmt" count="0"/>
        <line num="257" type="stmt" count="0"/>
        <line num="258" type="stmt" count="0"/>
        <line num="260" type="stmt" count="0"/>
        <line num="261" type="stmt" count="0"/>
        <line num="262" type="stmt" count="0"/>
        <line num="263" type="stmt" count="0"/>
        <line num="265" type="stmt" count="0"/>
        <line num="266" type="stmt" count="0"/>
        <line num="267" type="stmt" count="0"/>
        <line num="269" type="stmt" count="0"/>
        <line num="270" type="stmt" count="0"/>
        <line num="273" type="stmt" count="0"/>
        <line num="274" type="stmt" count="0"/>
        <line num="275" type="stmt" count="0"/>
        <line num="277" type="stmt" count="0"/>
        <line num="278" type="stmt" count="0"/>
        <line num="280" type="stmt" count="0"/>
        <line num="282" type="stmt" count="0"/>
        <line num="290" type="method" name="checkProduce" crap="9.24" count="5"/>
        <line num="292" type="stmt" count="5"/>
        <line num="293" type="stmt" count="1"/>
        <line num="296" type="stmt" count="4"/>
        <line num="297" type="stmt" count="4"/>
        <line num="298" type="stmt" count="4"/>
        <line num="300" type="stmt" count="4"/>
        <line num="301" type="stmt" count="4"/>
        <line num="302" type="stmt" count="4"/>
        <line num="303" type="stmt" count="4"/>
        <line num="305" type="stmt" count="4"/>
        <line num="306" type="stmt" count="4"/>
        <line num="307" type="stmt" count="4"/>
        <line num="309" type="stmt" count="4"/>
        <line num="310" type="stmt" count="0"/>
        <line num="313" type="stmt" count="4"/>
        <line num="314" type="stmt" count="4"/>
        <line num="315" type="stmt" count="4"/>
        <line num="317" type="stmt" count="4"/>
        <line num="318" type="stmt" count="4"/>
        <line num="320" type="stmt" count="0"/>
        <line num="322" type="stmt" count="0"/>
        <line num="329" type="method" name="getApiVersion" crap="2" count="0"/>
        <line num="331" type="stmt" count="0"/>
        <line num="338" type="method" name="getApiVersionMajor" crap="2" count="0"/>
        <line num="340" type="stmt" count="0"/>
        <line num="342" type="stmt" count="0"/>
        <line num="349" type="method" name="getApiVersionMinor" crap="2" count="0"/>
        <line num="351" type="stmt" count="0"/>
        <line num="353" type="stmt" count="0"/>
        <line num="360" type="method" name="getApiVersionBuild" crap="2" count="0"/>
        <line num="362" type="stmt" count="0"/>
        <line num="364" type="stmt" count="0"/>
        <line num="371" type="method" name="getApiVersionPatch" crap="2" count="0"/>
        <line num="373" type="stmt" count="0"/>
        <line num="375" type="stmt" count="0"/>
        <line num="383" type="method" name="getModel" crap="11.09" count="5"/>
        <line num="385" type="stmt" count="5"/>
        <line num="386" type="stmt" count="5"/>
        <line num="387" type="stmt" count="5"/>
        <line num="388" type="stmt" count="5"/>
        <line num="389" type="stmt" count="5"/>
        <line num="391" type="stmt" count="5"/>
        <line num="392" type="stmt" count="5"/>
        <line num="393" type="stmt" count="5"/>
        <line num="395" type="stmt" count="5"/>
        <line num="396" type="stmt" count="1"/>
        <line num="397" type="stmt" count="1"/>
        <line num="399" type="stmt" count="5"/>
        <line num="400" type="stmt" count="0"/>
        <line num="401" type="stmt" count="0"/>
        <line num="403" type="stmt" count="5"/>
        <line num="404" type="stmt" count="4"/>
        <line num="405" type="stmt" count="4"/>
        <line num="407" type="stmt" count="5"/>
        <line num="408" type="stmt" count="4"/>
        <line num="409" type="stmt" count="4"/>
        <line num="411" type="stmt" count="5"/>
        <line num="412" type="stmt" count="5"/>
        <metrics loc="415" ncloc="325" classes="1" methods="16" coveredmethods="1" conditionals="0" coveredconditionals="0" statements="173" coveredstatements="117" elements="189" coveredelements="118"/>
      </file>
    </package>
    <package name="SwaggerValidator\Security">
      <file name="/repos/SwaggerValidator-PHP/src/SwaggerValidator/Security/ApiKeySecurity.php">
        <class name="ApiKeySecurity" namespace="SwaggerValidator\Security">
          <metrics methods="2" coveredmethods="1" conditionals="0" coveredconditionals="0" statements="16" coveredstatements="12" elements="18" coveredelements="13"/>
        </class>
        <line num="30" type="method" name="__construct" crap="1" count="4"/>
        <line num="32" type="stmt" count="4"/>
        <line num="33" type="stmt" count="4"/>
        <line num="34" type="stmt" count="4"/>
        <line num="35" type="stmt" count="4"/>
        <line num="37" type="method" name="jsonUnSerialize" crap="4.59" count="4"/>
        <line num="39" type="stmt" count="4"/>
        <line num="40" type="stmt" count="0"/>
        <line num="41" type="stmt" count="0"/>
        <line num="43" type="stmt" count="4"/>
        <line num="44" type="stmt" count="0"/>
        <line num="45" type="stmt" count="0"/>
        <line num="47" type="stmt" count="4"/>
        <line num="48" type="stmt" count="4"/>
        <line num="49" type="stmt" count="4"/>
        <line num="50" type="stmt" count="4"/>
        <line num="52" type="stmt" count="4"/>
        <line num="53" type="stmt" count="4"/>
        <metrics loc="55" ncloc="34" classes="1" methods="2" coveredmethods="1" conditionals="0" coveredconditionals="0" statements="16" coveredstatements="12" elements="18" coveredelements="13"/>
      </file>
      <file name="/repos/SwaggerValidator-PHP/src/SwaggerValidator/Security/OAuth2ImplicitSecurity.php">
        <class name="OAuth2ImplicitSecurity" namespace="SwaggerValidator\Security">
          <metrics methods="2" coveredmethods="1" conditionals="0" coveredconditionals="0" statements="16" coveredstatements="12" elements="18" coveredelements="13"/>
        </class>
        <line num="30" type="method" name="__construct" crap="1" count="9"/>
        <line num="32" type="stmt" count="9"/>
        <line num="33" type="stmt" count="9"/>
        <line num="34" type="stmt" count="9"/>
        <line num="35" type="stmt" count="9"/>
        <line num="37" type="method" name="jsonUnSerialize" crap="4.59" count="9"/>
        <line num="39" type="stmt" count="9"/>
        <line num="40" type="stmt" count="0"/>
        <line num="41" type="stmt" count="0"/>
        <line num="43" type="stmt" count="9"/>
        <line num="44" type="stmt" count="0"/>
        <line num="45" type="stmt" count="0"/>
        <line num="47" type="stmt" count="9"/>
        <line num="48" type="stmt" count="9"/>
        <line num="49" type="stmt" count="9"/>
        <line num="50" type="stmt" count="9"/>
        <line num="52" type="stmt" count="9"/>
        <line num="53" type="stmt" count="9"/>
        <metrics loc="55" ncloc="34" classes="1" methods="2" coveredmethods="1" conditionals="0" coveredconditionals="0" statements="16" coveredstatements="12" elements="18" coveredelements="13"/>
      </file>
      <file name="/repos/SwaggerValidator-PHP/src/SwaggerValidator/Security/OAuth2PasswordSecurityScopes.php">
        <class name="OAuth2PasswordSecurityScopes" namespace="SwaggerValidator\Security">
          <metrics methods="2" coveredmethods="1" conditionals="0" coveredconditionals="0" statements="13" coveredstatements="9" elements="15" coveredelements="10"/>
        </class>
        <line num="30" type="method" name="__construct" crap="1" count="9"/>
        <line num="33" type="stmt" count="9"/>
        <line num="35" type="method" name="jsonUnSerialize" crap="4.59" count="9"/>
        <line num="37" type="stmt" count="9"/>
        <line num="38" type="stmt" count="0"/>
        <line num="39" type="stmt" count="0"/>
        <line num="41" type="stmt" count="9"/>
        <line num="42" type="stmt" count="0"/>
        <line num="43" type="stmt" count="0"/>
        <line num="45" type="stmt" count="9"/>
        <line num="46" type="stmt" count="9"/>
        <line num="47" type="stmt" count="9"/>
        <line num="48" type="stmt" count="9"/>
        <line num="50" type="stmt" count="9"/>
        <line num="51" type="stmt" count="9"/>
        <metrics loc="53" ncloc="32" classes="1" methods="2" coveredmethods="1" conditionals="0" coveredconditionals="0" statements="13" coveredstatements="9" elements="15" coveredelements="10"/>
      </file>
    </package>
    <package name="PhpParser">
      <file name="/repos/SwaggerValidator-PHP/vendor/nikic/php-parser/lib/PhpParser/Autoloader.php">
        <class name="Autoloader" namespace="PhpParser">
          <metrics methods="0" coveredmethods="0" conditionals="0" coveredconditionals="0" statements="0" coveredstatements="0" elements="0" coveredelements="0"/>
        </class>
        <metrics loc="275" ncloc="252" classes="1" methods="0" coveredmethods="0" conditionals="0" coveredconditionals="0" statements="0" coveredstatements="0" elements="0" coveredelements="0"/>
      </file>
    </package>
    <file name="/repos/SwaggerValidator-PHP/vendor/symfony/polyfill-mbstring/bootstrap.php">
      <metrics loc="51" ncloc="43" classes="0" methods="0" coveredmethods="0" conditionals="0" coveredconditionals="0" statements="0" coveredstatements="0" elements="0" coveredelements="0"/>
    </file>
    <metrics files="46" loc="8313" ncloc="6500" classes="44" methods="392" coveredmethods="148" conditionals="0" coveredconditionals="0" statements="2946" coveredstatements="1911" elements="3338" coveredelements="2059"/>
  </project>
</coverage>
