<?xml version="1.0" encoding="UTF-8"?>
<coverage generated="1469900297">
  <project timestamp="1469900297">
    <package name="SwaggerValidator">
      <file name="/repos/SwaggerValidator-PHP/src/SwaggerValidator/Autoload.php">
        <class name="Autoload" namespace="SwaggerValidator">
          <metrics methods="4" coveredmethods="1" conditionals="0" coveredconditionals="0" statements="35" coveredstatements="20" elements="39" coveredelements="21"/>
        </class>
        <line num="38" type="method" name="autoload" crap="2.15" count="5"/>
        <line num="40" type="stmt" count="5"/>
        <line num="41" type="stmt" count="0"/>
        <line num="44" type="stmt" count="5"/>
        <line num="51" type="method" name="autoloadPhar" crap="12" count="0"/>
        <line num="53" type="stmt" count="0"/>
        <line num="54" type="stmt" count="0"/>
        <line num="56" type="stmt" count="0"/>
        <line num="57" type="stmt" count="0"/>
        <line num="60" type="stmt" count="0"/>
        <line num="61" type="stmt" count="0"/>
        <line num="62" type="stmt" count="0"/>
        <line num="64" type="stmt" count="0"/>
        <line num="65" type="stmt" count="0"/>
        <line num="66" type="stmt" count="0"/>
        <line num="68" type="stmt" count="0"/>
        <line num="69" type="stmt" count="0"/>
        <line num="74" type="method" name="autoloadSource" crap="4" count="5"/>
        <line num="76" type="stmt" count="5"/>
        <line num="77" type="stmt" count="5"/>
        <line num="79" type="stmt" count="5"/>
        <line num="80" type="stmt" count="5"/>
        <line num="81" type="stmt" count="5"/>
        <line num="83" type="stmt" count="5"/>
        <line num="84" type="stmt" count="5"/>
        <line num="85" type="stmt" count="5"/>
        <line num="87" type="stmt" count="5"/>
        <line num="88" type="stmt" count="5"/>
        <line num="89" type="stmt" count="5"/>
        <line num="90" type="stmt" count="5"/>
        <line num="91" type="stmt" count="5"/>
        <line num="93" type="stmt" count="5"/>
        <line num="95" type="stmt" count="5"/>
        <line num="96" type="stmt" count="5"/>
        <line num="97" type="stmt" count="5"/>
        <line num="98" type="stmt" count="5"/>
        <line num="103" type="method" name="registerAutoloader" crap="2" count="0"/>
        <line num="105" type="stmt" count="0"/>
        <line num="106" type="stmt" count="0"/>
        <metrics loc="110" ncloc="72" classes="1" methods="4" coveredmethods="1" conditionals="0" coveredconditionals="0" statements="35" coveredstatements="20" elements="39" coveredelements="21"/>
      </file>
    </package>
    <package name="SwaggerValidator\Common">
      <file name="/repos/SwaggerValidator-PHP/src/SwaggerValidator/Common/Collection.php">
        <class name="Collection" namespace="SwaggerValidator\Common">
          <metrics methods="21" coveredmethods="7" conditionals="0" coveredconditionals="0" statements="49" coveredstatements="21" elements="70" coveredelements="28"/>
        </class>
        <line num="45" type="method" name="__isset" crap="1" count="5"/>
        <line num="47" type="stmt" count="5"/>
        <line num="50" type="method" name="__get" crap="5.05" count="5"/>
        <line num="52" type="stmt" count="5"/>
        <line num="53" type="stmt" count="5"/>
        <line num="56" type="stmt" count="5"/>
        <line num="57" type="stmt" count="5"/>
        <line num="59" type="stmt" count="5"/>
        <line num="61" type="stmt" count="5"/>
        <line num="62" type="stmt" count="0"/>
        <line num="65" type="stmt" count="5"/>
        <line num="68" type="method" name="__set" crap="2" count="5"/>
        <line num="70" type="stmt" count="5"/>
        <line num="71" type="stmt" count="5"/>
        <line num="72" type="stmt" count="5"/>
        <line num="73" type="stmt" count="5"/>
        <line num="75" type="method" name="__unset" crap="2" count="4"/>
        <line num="77" type="stmt" count="4"/>
        <line num="78" type="stmt" count="4"/>
        <line num="79" type="stmt" count="4"/>
        <line num="80" type="stmt" count="4"/>
        <line num="85" type="method" name="offsetSet" crap="2" count="0"/>
        <line num="87" type="stmt" count="0"/>
        <line num="90" type="method" name="offsetExists" crap="2" count="0"/>
        <line num="92" type="stmt" count="0"/>
        <line num="95" type="method" name="offsetUnset" crap="2" count="0"/>
        <line num="97" type="stmt" count="0"/>
        <line num="100" type="method" name="offsetGet" crap="2" count="0"/>
        <line num="102" type="stmt" count="0"/>
        <line num="108" type="method" name="getIterator" crap="2" count="0"/>
        <line num="110" type="stmt" count="0"/>
        <line num="116" type="method" name="count" crap="1" count="5"/>
        <line num="118" type="stmt" count="5"/>
        <line num="121" type="method" name="setJSONIsArray" crap="1" count="5"/>
        <line num="123" type="stmt" count="5"/>
        <line num="124" type="stmt" count="5"/>
        <line num="126" type="method" name="jsonSerialize" crap="20" count="0"/>
        <line num="128" type="stmt" count="0"/>
        <line num="129" type="stmt" count="0"/>
        <line num="130" type="stmt" count="0"/>
        <line num="132" type="stmt" count="0"/>
        <line num="135" type="stmt" count="0"/>
        <line num="136" type="stmt" count="0"/>
        <line num="138" type="stmt" count="0"/>
        <line num="139" type="stmt" count="0"/>
        <line num="140" type="stmt" count="0"/>
        <line num="142" type="stmt" count="0"/>
        <line num="144" type="stmt" count="0"/>
        <line num="146" type="stmt" count="0"/>
        <line num="149" type="method" name="serialize" crap="2" count="0"/>
        <line num="151" type="stmt" count="0"/>
        <line num="154" type="method" name="unserialize" crap="2" count="0"/>
        <line num="156" type="stmt" count="0"/>
        <line num="157" type="stmt" count="0"/>
        <line num="163" type="method" name="all" crap="2" count="0"/>
        <line num="165" type="stmt" count="0"/>
        <line num="172" type="method" name="keys" crap="1" count="5"/>
        <line num="174" type="stmt" count="5"/>
        <line num="182" type="method" name="has" crap="1" count="5"/>
        <line num="184" type="stmt" count="5"/>
        <line num="191" type="method" name="remove" crap="2" count="0"/>
        <line num="193" type="stmt" count="0"/>
        <line num="194" type="stmt" count="0"/>
        <line num="199" type="method" name="clear" crap="2" count="0"/>
        <line num="201" type="stmt" count="0"/>
        <line num="202" type="stmt" count="0"/>
        <line num="204" type="method" name="jsonEncode" crap="2" count="0"/>
        <line num="207" type="stmt" count="0"/>
        <line num="210" type="method" name="jsonEncodePretty" crap="2" count="0"/>
        <line num="212" type="stmt" count="0"/>
        <metrics loc="215" ncloc="152" classes="1" methods="21" coveredmethods="7" conditionals="0" coveredconditionals="0" statements="49" coveredstatements="21" elements="70" coveredelements="28"/>
      </file>
      <file name="/repos/SwaggerValidator-PHP/src/SwaggerValidator/Common/CollectionFile.php">
        <class name="CollectionFile" namespace="SwaggerValidator\Common">
          <metrics methods="17" coveredmethods="4" conditionals="0" coveredconditionals="0" statements="67" coveredstatements="39" elements="84" coveredelements="43"/>
        </class>
        <line num="47" type="method" name="__construct" crap="1" count="5"/>
        <line num="50" type="stmt" count="5"/>
        <line num="56" type="method" name="getInstance" crap="2" count="5"/>
        <line num="58" type="stmt" count="5"/>
        <line num="59" type="stmt" count="5"/>
        <line num="60" type="stmt" count="5"/>
        <line num="62" type="stmt" count="5"/>
        <line num="68" type="method" name="setInstance" crap="2" count="0"/>
        <line num="70" type="stmt" count="0"/>
        <line num="71" type="stmt" count="0"/>
        <line num="72" type="stmt" count="0"/>
        <line num="74" type="method" name="prune" crap="1" count="5"/>
        <line num="76" type="stmt" count="5"/>
        <line num="77" type="stmt" count="5"/>
        <line num="78" type="stmt" count="5"/>
        <line num="80" type="method" name="__isset" crap="2" count="0"/>
        <line num="82" type="stmt" count="0"/>
        <line num="83" type="stmt" count="0"/>
        <line num="85" type="method" name="__unset" crap="2" count="0"/>
        <line num="87" type="stmt" count="0"/>
        <line num="88" type="stmt" count="0"/>
        <line num="96" type="method" name="__get" crap="3.10" count="5"/>
        <line num="98" type="stmt" count="5"/>
        <line num="99" type="stmt" count="0"/>
        <line num="100" type="stmt" count="0"/>
        <line num="102" type="stmt" count="5"/>
        <line num="104" type="stmt" count="5"/>
        <line num="105" type="stmt" count="5"/>
        <line num="106" type="stmt" count="5"/>
        <line num="108" type="stmt" count="5"/>
        <line num="110" type="stmt" count="5"/>
        <line num="113" type="method" name="__set" crap="7.33" count="5"/>
        <line num="115" type="stmt" count="5"/>
        <line num="117" type="stmt" count="5"/>
        <line num="118" type="stmt" count="0"/>
        <line num="119" type="stmt" count="0"/>
        <line num="121" type="stmt" count="5"/>
        <line num="122" type="stmt" count="5"/>
        <line num="123" type="stmt" count="5"/>
        <line num="125" type="stmt" count="5"/>
        <line num="126" type="stmt" count="5"/>
        <line num="127" type="stmt" count="5"/>
        <line num="130" type="stmt" count="0"/>
        <line num="131" type="stmt" count="0"/>
        <line num="133" type="method" name="jsonSerialize" crap="2" count="0"/>
        <line num="135" type="stmt" count="0"/>
        <line num="138" type="method" name="serialize" crap="2" count="0"/>
        <line num="140" type="stmt" count="0"/>
        <line num="143" type="method" name="unserialize" crap="2" count="0"/>
        <line num="145" type="stmt" count="0"/>
        <line num="154" type="method" name="get" crap="1" count="5"/>
        <line num="156" type="stmt" count="5"/>
        <line num="159" type="method" name="set" crap="2" count="0"/>
        <line num="161" type="stmt" count="0"/>
        <line num="164" type="method" name="getReferenceFileLink" crap="2.03" count="5"/>
        <line num="166" type="stmt" count="5"/>
        <line num="167" type="stmt" count="0"/>
        <line num="170" type="stmt" count="5"/>
        <line num="171" type="stmt" count="5"/>
        <line num="172" type="stmt" count="5"/>
        <line num="175" type="method" name="getReferenceInnerPath" crap="2.06" count="5"/>
        <line num="177" type="stmt" count="5"/>
        <line num="178" type="stmt" count="0"/>
        <line num="181" type="stmt" count="5"/>
        <line num="182" type="stmt" count="5"/>
        <line num="185" type="method" name="getIdFromRef" crap="4.59" count="5"/>
        <line num="187" type="stmt" count="5"/>
        <line num="188" type="stmt" count="0"/>
        <line num="191" type="stmt" count="5"/>
        <line num="192" type="stmt" count="0"/>
        <line num="193" type="stmt" count="0"/>
        <line num="195" type="stmt" count="5"/>
        <line num="197" type="stmt" count="5"/>
        <line num="198" type="stmt" count="5"/>
        <line num="200" type="stmt" count="5"/>
        <line num="203" type="method" name="getRefFromId" crap="10.75" count="5"/>
        <line num="205" type="stmt" count="5"/>
        <line num="206" type="stmt" count="5"/>
        <line num="209" type="stmt" count="0"/>
        <line num="210" type="stmt" count="0"/>
        <line num="211" type="stmt" count="0"/>
        <line num="213" type="stmt" count="0"/>
        <line num="214" type="stmt" count="0"/>
        <line num="217" type="stmt" count="0"/>
        <metrics loc="220" ncloc="167" classes="1" methods="17" coveredmethods="4" conditionals="0" coveredconditionals="0" statements="67" coveredstatements="39" elements="84" coveredelements="43"/>
      </file>
      <file name="/repos/SwaggerValidator-PHP/src/SwaggerValidator/Common/CollectionReference.php">
        <class name="CollectionReference" namespace="SwaggerValidator\Common">
          <metrics methods="20" coveredmethods="9" conditionals="0" coveredconditionals="0" statements="108" coveredstatements="73" elements="128" coveredelements="82"/>
        </class>
        <line num="53" type="method" name="__construct" crap="1" count="5"/>
        <line num="56" type="stmt" count="5"/>
        <line num="62" type="method" name="getInstance" crap="2" count="5"/>
        <line num="64" type="stmt" count="5"/>
        <line num="65" type="stmt" count="5"/>
        <line num="66" type="stmt" count="5"/>
        <line num="68" type="stmt" count="5"/>
        <line num="74" type="method" name="setInstance" crap="2" count="0"/>
        <line num="76" type="stmt" count="0"/>
        <line num="77" type="stmt" count="0"/>
        <line num="78" type="stmt" count="0"/>
        <line num="83" type="method" name="prune" crap="1" count="5"/>
        <line num="85" type="stmt" count="5"/>
        <line num="86" type="stmt" count="5"/>
        <line num="87" type="stmt" count="5"/>
        <line num="89" type="method" name="__isset" crap="2" count="0"/>
        <line num="91" type="stmt" count="0"/>
        <line num="92" type="stmt" count="0"/>
        <line num="94" type="method" name="__unset" crap="1" count="4"/>
        <line num="96" type="stmt" count="4"/>
        <line num="97" type="stmt" count="4"/>
        <line num="99" type="method" name="__get" crap="2" count="5"/>
        <line num="101" type="stmt" count="5"/>
        <line num="103" type="stmt" count="5"/>
        <line num="104" type="stmt" count="5"/>
        <line num="105" type="stmt" count="5"/>
        <line num="107" type="stmt" count="5"/>
        <line num="108" type="stmt" count="5"/>
        <line num="111" type="method" name="__set" crap="9.56" count="5"/>
        <line num="113" type="stmt" count="5"/>
        <line num="115" type="stmt" count="5"/>
        <line num="116" type="stmt" count="5"/>
        <line num="117" type="stmt" count="5"/>
        <line num="119" type="stmt" count="5"/>
        <line num="120" type="stmt" count="5"/>
        <line num="121" type="stmt" count="5"/>
        <line num="122" type="stmt" count="5"/>
        <line num="124" type="stmt" count="5"/>
        <line num="125" type="stmt" count="0"/>
        <line num="126" type="stmt" count="0"/>
        <line num="128" type="stmt" count="5"/>
        <line num="129" type="stmt" count="5"/>
        <line num="131" type="stmt" count="5"/>
        <line num="135" type="stmt" count="5"/>
        <line num="137" type="stmt" count="5"/>
        <line num="138" type="stmt" count="4"/>
        <line num="139" type="stmt" count="5"/>
        <line num="141" type="stmt" count="5"/>
        <line num="144" type="stmt" count="0"/>
        <line num="145" type="stmt" count="0"/>
        <line num="147" type="method" name="jsonSerialize" crap="6" count="0"/>
        <line num="149" type="stmt" count="0"/>
        <line num="151" type="stmt" count="0"/>
        <line num="152" type="stmt" count="0"/>
        <line num="153" type="stmt" count="0"/>
        <line num="155" type="stmt" count="0"/>
        <line num="157" type="stmt" count="0"/>
        <line num="160" type="method" name="serialize" crap="2" count="0"/>
        <line num="162" type="stmt" count="0"/>
        <line num="163" type="stmt" count="0"/>
        <line num="164" type="stmt" count="0"/>
        <line num="165" type="stmt" count="0"/>
        <line num="168" type="method" name="unserialize" crap="2" count="0"/>
        <line num="170" type="stmt" count="0"/>
        <line num="172" type="stmt" count="0"/>
        <line num="173" type="stmt" count="0"/>
        <line num="174" type="stmt" count="0"/>
        <line num="182" type="method" name="get" crap="1" count="5"/>
        <line num="184" type="stmt" count="5"/>
        <line num="187" type="method" name="set" crap="2" count="0"/>
        <line num="189" type="stmt" count="0"/>
        <line num="192" type="method" name="getIdFromRef" crap="5.93" count="5"/>
        <line num="194" type="stmt" count="5"/>
        <line num="195" type="stmt" count="0"/>
        <line num="196" type="stmt" count="0"/>
        <line num="199" type="stmt" count="5"/>
        <line num="200" type="stmt" count="5"/>
        <line num="203" type="stmt" count="5"/>
        <line num="204" type="stmt" count="0"/>
        <line num="205" type="stmt" count="0"/>
        <line num="207" type="stmt" count="5"/>
        <line num="209" type="stmt" count="5"/>
        <line num="210" type="stmt" count="5"/>
        <line num="212" type="stmt" count="5"/>
        <line num="215" type="method" name="getRefFromId" crap="6.00" count="5"/>
        <line num="217" type="stmt" count="5"/>
        <line num="218" type="stmt" count="0"/>
        <line num="221" type="stmt" count="5"/>
        <line num="222" type="stmt" count="0"/>
        <line num="223" type="stmt" count="0"/>
        <line num="225" type="stmt" count="5"/>
        <line num="226" type="stmt" count="0"/>
        <line num="229" type="stmt" count="5"/>
        <line num="232" type="method" name="registerDefinition" crap="4.07" count="5"/>
        <line num="234" type="stmt" count="5"/>
        <line num="235" type="stmt" count="4"/>
        <line num="236" type="stmt" count="4"/>
        <line num="237" type="stmt" count="4"/>
        <line num="239" type="stmt" count="4"/>
        <line num="242" type="stmt" count="5"/>
        <line num="243" type="stmt" count="0"/>
        <line num="244" type="stmt" count="0"/>
        <line num="246" type="stmt" count="5"/>
        <line num="247" type="stmt" count="5"/>
        <line num="248" type="stmt" count="5"/>
        <line num="249" type="stmt" count="5"/>
        <line num="251" type="method" name="cleanReferenceDefinitions" crap="3" count="5"/>
        <line num="253" type="stmt" count="5"/>
        <line num="254" type="stmt" count="5"/>
        <line num="255" type="stmt" count="4"/>
        <line num="256" type="stmt" count="4"/>
        <line num="257" type="stmt" count="5"/>
        <line num="258" type="stmt" count="5"/>
        <line num="259" type="stmt" count="5"/>
        <line num="261" type="method" name="unserializeReferenceDefinitions" crap="3" count="5"/>
        <line num="263" type="stmt" count="5"/>
        <line num="264" type="stmt" count="5"/>
        <line num="265" type="stmt" count="5"/>
        <line num="266" type="stmt" count="5"/>
        <line num="267" type="stmt" count="5"/>
        <line num="268" type="stmt" count="5"/>
        <line num="270" type="method" name="getDefinitions" crap="2" count="0"/>
        <line num="272" type="stmt" count="0"/>
        <line num="275" type="method" name="jsonUnSerialize" crap="2" count="5"/>
        <line num="277" type="stmt" count="5"/>
        <line num="278" type="stmt" count="5"/>
        <line num="279" type="stmt" count="5"/>
        <line num="280" type="stmt" count="5"/>
        <metrics loc="282" ncloc="225" classes="1" methods="20" coveredmethods="9" conditionals="0" coveredconditionals="0" statements="108" coveredstatements="73" elements="128" coveredelements="82"/>
      </file>
      <file name="/repos/SwaggerValidator-PHP/src/SwaggerValidator/Common/CollectionSwagger.php">
        <class name="CollectionSwagger" namespace="SwaggerValidator\Common">
          <metrics methods="11" coveredmethods="1" conditionals="0" coveredconditionals="0" statements="80" coveredstatements="32" elements="91" coveredelements="33"/>
        </class>
        <line num="43" type="method" name="callException" crap="42" count="0"/>
        <line num="45" type="stmt" count="0"/>
        <line num="46" type="stmt" count="0"/>
        <line num="48" type="stmt" count="0"/>
        <line num="49" type="stmt" count="0"/>
        <line num="51" type="stmt" count="0"/>
        <line num="52" type="stmt" count="0"/>
        <line num="54" type="stmt" count="0"/>
        <line num="55" type="stmt" count="0"/>
        <line num="56" type="stmt" count="0"/>
        <line num="58" type="stmt" count="0"/>
        <line num="60" type="stmt" count="0"/>
        <line num="61" type="stmt" count="0"/>
        <line num="62" type="stmt" count="0"/>
        <line num="64" type="stmt" count="0"/>
        <line num="65" type="stmt" count="0"/>
        <line num="67" type="method" name="buildException" crap="42" count="0"/>
        <line num="69" type="stmt" count="0"/>
        <line num="70" type="stmt" count="0"/>
        <line num="72" type="stmt" count="0"/>
        <line num="73" type="stmt" count="0"/>
        <line num="75" type="stmt" count="0"/>
        <line num="76" type="stmt" count="0"/>
        <line num="78" type="stmt" count="0"/>
        <line num="79" type="stmt" count="0"/>
        <line num="80" type="stmt" count="0"/>
        <line num="82" type="stmt" count="0"/>
        <line num="84" type="stmt" count="0"/>
        <line num="85" type="stmt" count="0"/>
        <line num="86" type="stmt" count="0"/>
        <line num="88" type="stmt" count="0"/>
        <line num="89" type="stmt" count="0"/>
        <line num="95" type="method" name="registerMandatoryKey" crap="2.50" count="5"/>
        <line num="97" type="stmt" count="5"/>
        <line num="98" type="stmt" count="0"/>
        <line num="99" type="stmt" count="0"/>
        <line num="100" type="stmt" count="5"/>
        <line num="106" type="method" name="checkMandatoryKey" crap="3.58" count="5"/>
        <line num="108" type="stmt" count="5"/>
        <line num="109" type="stmt" count="0"/>
        <line num="110" type="stmt" count="0"/>
        <line num="112" type="stmt" count="5"/>
        <line num="114" type="stmt" count="5"/>
        <line num="117" type="method" name="getCleanClass" crap="1" count="5"/>
        <line num="119" type="stmt" count="5"/>
        <line num="120" type="stmt" count="5"/>
        <line num="123" type="method" name="extractNonRecursiveReference" crap="4.25" count="5"/>
        <line num="125" type="stmt" count="5"/>
        <line num="126" type="stmt" count="5"/>
        <line num="129" type="stmt" count="5"/>
        <line num="130" type="stmt" count="0"/>
        <line num="131" type="stmt" count="0"/>
        <line num="133" type="stmt" count="5"/>
        <line num="134" type="stmt" count="5"/>
        <line num="136" type="stmt" count="5"/>
        <line num="139" type="method" name="registerRecursiveDefinitions" crap="10.40" count="5"/>
        <line num="141" type="stmt" count="5"/>
        <line num="142" type="stmt" count="5"/>
        <line num="144" type="stmt" count="0"/>
        <line num="145" type="stmt" count="0"/>
        <line num="147" type="stmt" count="0"/>
        <line num="149" type="method" name="registerRecursiveDefinitionsFromObject" crap="7.03" count="5"/>
        <line num="151" type="stmt" count="5"/>
        <line num="152" type="stmt" count="0"/>
        <line num="155" type="stmt" count="5"/>
        <line num="156" type="stmt" count="5"/>
        <line num="157" type="stmt" count="5"/>
        <line num="158" type="stmt" count="5"/>
        <line num="159" type="stmt" count="5"/>
        <line num="160" type="stmt" count="1"/>
        <line num="162" type="stmt" count="5"/>
        <line num="163" type="stmt" count="4"/>
        <line num="165" type="stmt" count="5"/>
        <line num="166" type="stmt" count="5"/>
        <line num="168" type="method" name="registerRecursiveDefinitionsFromArray" crap="13.12" count="1"/>
        <line num="170" type="stmt" count="1"/>
        <line num="171" type="stmt" count="0"/>
        <line num="174" type="stmt" count="1"/>
        <line num="175" type="stmt" count="1"/>
        <line num="176" type="stmt" count="0"/>
        <line num="177" type="stmt" count="0"/>
        <line num="178" type="stmt" count="1"/>
        <line num="179" type="stmt" count="0"/>
        <line num="181" type="stmt" count="1"/>
        <line num="182" type="stmt" count="1"/>
        <line num="184" type="stmt" count="0"/>
        <line num="185" type="stmt" count="0"/>
        <line num="193" type="method" name="get" crap="2" count="0"/>
        <line num="195" type="stmt" count="0"/>
        <line num="198" type="method" name="set" crap="2" count="0"/>
        <line num="200" type="stmt" count="0"/>
        <metrics loc="203" ncloc="161" classes="1" methods="11" coveredmethods="1" conditionals="0" coveredconditionals="0" statements="80" coveredstatements="32" elements="91" coveredelements="33"/>
      </file>
      <file name="/repos/SwaggerValidator-PHP/src/SwaggerValidator/Common/CollectionType.php">
        <class name="CollectionType" namespace="SwaggerValidator\Common">
          <metrics methods="14" coveredmethods="5" conditionals="0" coveredconditionals="0" statements="34" coveredstatements="18" elements="48" coveredelements="23"/>
        </class>
        <line num="94" type="method" name="__construct" crap="1" count="5"/>
        <line num="97" type="stmt" count="5"/>
        <line num="103" type="method" name="getInstance" crap="2" count="5"/>
        <line num="105" type="stmt" count="5"/>
        <line num="106" type="stmt" count="5"/>
        <line num="107" type="stmt" count="5"/>
        <line num="109" type="stmt" count="5"/>
        <line num="115" type="method" name="setInstance" crap="2" count="0"/>
        <line num="117" type="stmt" count="0"/>
        <line num="118" type="stmt" count="0"/>
        <line num="123" type="method" name="pruneInstance" crap="1" count="5"/>
        <line num="125" type="stmt" count="5"/>
        <line num="126" type="stmt" count="5"/>
        <line num="133" type="method" name="__get" crap="5.26" count="5"/>
        <line num="135" type="stmt" count="5"/>
        <line num="136" type="stmt" count="0"/>
        <line num="139" type="stmt" count="5"/>
        <line num="140" type="stmt" count="0"/>
        <line num="143" type="stmt" count="5"/>
        <line num="144" type="stmt" count="5"/>
        <line num="147" type="stmt" count="0"/>
        <line num="155" type="method" name="__set" crap="12" count="0"/>
        <line num="157" type="stmt" count="0"/>
        <line num="158" type="stmt" count="0"/>
        <line num="159" type="stmt" count="0"/>
        <line num="160" type="stmt" count="0"/>
        <line num="162" type="method" name="__isset" crap="1" count="5"/>
        <line num="164" type="stmt" count="5"/>
        <line num="167" type="method" name="jsonSerialize" crap="2" count="0"/>
        <line num="170" type="stmt" count="0"/>
        <line num="172" type="method" name="serialize" crap="2" count="0"/>
        <line num="174" type="stmt" count="0"/>
        <line num="177" type="method" name="unserialize" crap="2" count="0"/>
        <line num="180" type="stmt" count="0"/>
        <line num="187" type="method" name="get" crap="2" count="0"/>
        <line num="189" type="stmt" count="0"/>
        <line num="197" type="method" name="set" crap="2" count="0"/>
        <line num="199" type="stmt" count="0"/>
        <line num="202" type="method" name="normalizeType" crap="2" count="5"/>
        <line num="204" type="stmt" count="5"/>
        <line num="205" type="stmt" count="5"/>
        <line num="207" type="stmt" count="5"/>
        <line num="208" type="stmt" count="5"/>
        <line num="209" type="stmt" count="5"/>
        <line num="211" type="stmt" count="5"/>
        <line num="214" type="method" name="normalizeKey" crap="2" count="0"/>
        <line num="216" type="stmt" count="0"/>
        <line num="217" type="stmt" count="0"/>
        <metrics loc="220" ncloc="150" classes="1" methods="14" coveredmethods="5" conditionals="0" coveredconditionals="0" statements="34" coveredstatements="18" elements="48" coveredelements="23"/>
      </file>
      <file name="/repos/SwaggerValidator-PHP/src/SwaggerValidator/Common/Context.php">
        <class name="Context" namespace="SwaggerValidator\Common">
          <metrics methods="81" coveredmethods="32" conditionals="0" coveredconditionals="0" statements="515" coveredstatements="306" elements="596" coveredelements="338"/>
        </class>
        <line num="220" type="method" name="__construct" crap="9.33" count="5"/>
        <line num="222" type="stmt" count="5"/>
        <line num="223" type="stmt" count="5"/>
        <line num="224" type="stmt" count="5"/>
        <line num="226" type="stmt" count="5"/>
        <line num="227" type="stmt" count="5"/>
        <line num="228" type="stmt" count="5"/>
        <line num="230" type="stmt" count="5"/>
        <line num="231" type="stmt" count="5"/>
        <line num="232" type="stmt" count="5"/>
        <line num="234" type="stmt" count="5"/>
        <line num="235" type="stmt" count="5"/>
        <line num="236" type="stmt" count="5"/>
        <line num="238" type="stmt" count="5"/>
        <line num="239" type="stmt" count="5"/>
        <line num="240" type="stmt" count="5"/>
        <line num="242" type="stmt" count="5"/>
        <line num="243" type="stmt" count="5"/>
        <line num="244" type="stmt" count="5"/>
        <line num="246" type="stmt" count="5"/>
        <line num="247" type="stmt" count="0"/>
        <line num="248" type="stmt" count="0"/>
        <line num="250" type="stmt" count="5"/>
        <line num="251" type="stmt" count="0"/>
        <line num="252" type="stmt" count="0"/>
        <line num="253" type="stmt" count="5"/>
        <line num="255" type="method" name="setConfig" crap="4.59" count="5"/>
        <line num="257" type="stmt" count="5"/>
        <line num="258" type="stmt" count="0"/>
        <line num="261" type="stmt" count="5"/>
        <line num="262" type="stmt" count="0"/>
        <line num="265" type="stmt" count="5"/>
        <line num="266" type="stmt" count="5"/>
        <line num="268" type="method" name="getConfig" crap="5.02" count="5"/>
        <line num="270" type="stmt" count="5"/>
        <line num="271" type="stmt" count="0"/>
        <line num="274" type="stmt" count="5"/>
        <line num="275" type="stmt" count="0"/>
        <line num="278" type="stmt" count="5"/>
        <line num="281" type="method" name="formatVarName" crap="2.15" count="5"/>
        <line num="283" type="stmt" count="5"/>
        <line num="284" type="stmt" count="0"/>
        <line num="287" type="stmt" count="5"/>
        <line num="290" type="method" name="__get" crap="4.07" count="5"/>
        <line num="292" type="stmt" count="5"/>
        <line num="293" type="stmt" count="5"/>
        <line num="296" type="stmt" count="5"/>
        <line num="297" type="stmt" count="5"/>
        <line num="298" type="stmt" count="5"/>
        <line num="300" type="stmt" count="0"/>
        <line num="302" type="method" name="__set" crap="20" count="0"/>
        <line num="304" type="stmt" count="0"/>
        <line num="305" type="stmt" count="0"/>
        <line num="307" type="stmt" count="0"/>
        <line num="308" type="stmt" count="0"/>
        <line num="309" type="stmt" count="0"/>
        <line num="311" type="stmt" count="0"/>
        <line num="313" type="stmt" count="0"/>
        <line num="314" type="stmt" count="0"/>
        <line num="316" type="method" name="__isset" crap="2" count="5"/>
        <line num="318" type="stmt" count="5"/>
        <line num="319" type="stmt" count="5"/>
        <line num="322" type="method" name="__unset" crap="20" count="0"/>
        <line num="324" type="stmt" count="0"/>
        <line num="325" type="stmt" count="0"/>
        <line num="328" type="stmt" count="0"/>
        <line num="330" type="stmt" count="0"/>
        <line num="331" type="stmt" count="0"/>
        <line num="332" type="stmt" count="0"/>
        <line num="334" type="stmt" count="0"/>
        <line num="335" type="stmt" count="0"/>
        <line num="338" type="stmt" count="0"/>
        <line num="339" type="stmt" count="0"/>
        <line num="341" type="method" name="__toString" crap="2" count="0"/>
        <line num="343" type="stmt" count="0"/>
        <line num="346" type="method" name="__debugInfo" crap="20" count="0"/>
        <line num="348" type="stmt" count="0"/>
        <line num="350" type="stmt" count="0"/>
        <line num="351" type="stmt" count="0"/>
        <line num="352" type="stmt" count="0"/>
        <line num="353" type="stmt" count="0"/>
        <line num="354" type="stmt" count="0"/>
        <line num="356" type="stmt" count="0"/>
        <line num="359" type="method" name="setMode" crap="3.79" count="5"/>
        <line num="362" type="stmt" count="5"/>
        <line num="363" type="stmt" count="5"/>
        <line num="364" type="stmt" count="5"/>
        <line num="365" type="stmt" count="5"/>
        <line num="367" type="stmt" count="0"/>
        <line num="368" type="stmt" count="0"/>
        <line num="369" type="stmt" count="0"/>
        <line num="370" type="stmt" count="0"/>
        <line num="371" type="stmt" count="5"/>
        <line num="374" type="method" name="getMode" crap="1" count="5"/>
        <line num="376" type="stmt" count="5"/>
        <line num="379" type="method" name="setType" crap="3.79" count="5"/>
        <line num="382" type="stmt" count="5"/>
        <line num="383" type="stmt" count="5"/>
        <line num="384" type="stmt" count="5"/>
        <line num="385" type="stmt" count="5"/>
        <line num="387" type="stmt" count="0"/>
        <line num="388" type="stmt" count="0"/>
        <line num="389" type="stmt" count="0"/>
        <line num="390" type="stmt" count="0"/>
        <line num="391" type="stmt" count="5"/>
        <line num="394" type="method" name="getType" crap="1" count="5"/>
        <line num="396" type="stmt" count="5"/>
        <line num="399" type="method" name="setLocation" crap="11.19" count="5"/>
        <line num="401" type="stmt" count="5"/>
        <line num="402" type="stmt" count="5"/>
        <line num="403" type="stmt" count="5"/>
        <line num="404" type="stmt" count="5"/>
        <line num="405" type="stmt" count="5"/>
        <line num="407" type="stmt" count="5"/>
        <line num="408" type="stmt" count="5"/>
        <line num="409" type="stmt" count="5"/>
        <line num="410" type="stmt" count="5"/>
        <line num="412" type="stmt" count="5"/>
        <line num="413" type="stmt" count="5"/>
        <line num="414" type="stmt" count="2"/>
        <line num="415" type="stmt" count="2"/>
        <line num="417" type="stmt" count="5"/>
        <line num="418" type="stmt" count="5"/>
        <line num="419" type="stmt" count="5"/>
        <line num="420" type="stmt" count="5"/>
        <line num="422" type="stmt" count="5"/>
        <line num="423" type="stmt" count="5"/>
        <line num="424" type="stmt" count="5"/>
        <line num="425" type="stmt" count="5"/>
        <line num="427" type="stmt" count="0"/>
        <line num="428" type="stmt" count="0"/>
        <line num="429" type="stmt" count="0"/>
        <line num="430" type="stmt" count="5"/>
        <line num="431" type="stmt" count="5"/>
        <line num="434" type="method" name="getLocation" crap="1" count="5"/>
        <line num="436" type="stmt" count="5"/>
        <line num="439" type="method" name="setMethod" crap="8.51" count="5"/>
        <line num="441" type="stmt" count="5"/>
        <line num="442" type="stmt" count="5"/>
        <line num="443" type="stmt" count="5"/>
        <line num="444" type="stmt" count="5"/>
        <line num="445" type="stmt" count="5"/>
        <line num="446" type="stmt" count="5"/>
        <line num="447" type="stmt" count="5"/>
        <line num="448" type="stmt" count="5"/>
        <line num="449" type="stmt" count="5"/>
        <line num="450" type="stmt" count="5"/>
        <line num="452" type="stmt" count="0"/>
        <line num="453" type="stmt" count="0"/>
        <line num="454" type="stmt" count="0"/>
        <line num="455" type="stmt" count="5"/>
        <line num="457" type="stmt" count="5"/>
        <line num="460" type="method" name="getMethod" crap="1" count="5"/>
        <line num="462" type="stmt" count="5"/>
        <line num="465" type="method" name="loadMethod" crap="1" count="5"/>
        <line num="467" type="stmt" count="5"/>
        <line num="470" type="method" name="setBasePath" crap="1" count="5"/>
        <line num="472" type="stmt" count="5"/>
        <line num="473" type="stmt" count="5"/>
        <line num="476" type="method" name="getBasePath" crap="1" count="5"/>
        <line num="478" type="stmt" count="5"/>
        <line num="481" type="method" name="setRoutePath" crap="1" count="5"/>
        <line num="483" type="stmt" count="5"/>
        <line num="484" type="stmt" count="5"/>
        <line num="487" type="method" name="getRoutePath" crap="2" count="0"/>
        <line num="489" type="stmt" count="0"/>
        <line num="492" type="method" name="setRequestPath" crap="1" count="5"/>
        <line num="494" type="stmt" count="5"/>
        <line num="495" type="stmt" count="5"/>
        <line num="498" type="method" name="getRequestPath" crap="1" count="5"/>
        <line num="500" type="stmt" count="5"/>
        <line num="503" type="method" name="setScheme" crap="2" count="0"/>
        <line num="505" type="stmt" count="0"/>
        <line num="506" type="stmt" count="0"/>
        <line num="509" type="method" name="getScheme" crap="1" count="5"/>
        <line num="511" type="stmt" count="5"/>
        <line num="514" type="method" name="setHost" crap="2" count="0"/>
        <line num="516" type="stmt" count="0"/>
        <line num="517" type="stmt" count="0"/>
        <line num="520" type="method" name="getHost" crap="1" count="5"/>
        <line num="522" type="stmt" count="5"/>
        <line num="525" type="method" name="loadUri" crap="1" count="5"/>
        <line num="527" type="stmt" count="5"/>
        <line num="528" type="stmt" count="5"/>
        <line num="530" type="stmt" count="5"/>
        <line num="532" type="stmt" count="5"/>
        <line num="533" type="stmt" count="5"/>
        <line num="535" type="method" name="addContext" crap="2" count="0"/>
        <line num="537" type="stmt" count="0"/>
        <line num="538" type="stmt" count="0"/>
        <line num="541" type="method" name="getContext" crap="2" count="0"/>
        <line num="543" type="stmt" count="0"/>
        <line num="546" type="method" name="setCombined" crap="2" count="0"/>
        <line num="548" type="stmt" count="0"/>
        <line num="549" type="stmt" count="0"/>
        <line num="552" type="method" name="getCombined" crap="2" count="0"/>
        <line num="554" type="stmt" count="0"/>
        <line num="557" type="method" name="setDataPath" crap="1" count="5"/>
        <line num="559" type="stmt" count="5"/>
        <line num="561" type="stmt" count="5"/>
        <line num="563" type="stmt" count="5"/>
        <line num="566" type="method" name="getDataPath" crap="1" count="5"/>
        <line num="568" type="stmt" count="5"/>
        <line num="571" type="method" name="setExternalRef" crap="2" count="5"/>
        <line num="573" type="stmt" count="5"/>
        <line num="575" type="stmt" count="5"/>
        <line num="576" type="stmt" count="5"/>
        <line num="577" type="stmt" count="5"/>
        <line num="579" type="stmt" count="5"/>
        <line num="582" type="method" name="getExternalRef" crap="2" count="0"/>
        <line num="584" type="stmt" count="0"/>
        <line num="587" type="method" name="getLastExternalRef" crap="2" count="0"/>
        <line num="589" type="stmt" count="0"/>
        <line num="590" type="stmt" count="0"/>
        <line num="593" type="method" name="checkExternalRef" crap="2.15" count="5"/>
        <line num="595" type="stmt" count="5"/>
        <line num="596" type="stmt" count="5"/>
        <line num="599" type="stmt" count="0"/>
        <line num="602" type="method" name="setDataCheck" crap="1" count="5"/>
        <line num="604" type="stmt" count="5"/>
        <line num="605" type="stmt" count="5"/>
        <line num="608" type="method" name="getDataCheck" crap="2" count="0"/>
        <line num="610" type="stmt" count="0"/>
        <line num="613" type="method" name="setDataValue" crap="1" count="5"/>
        <line num="615" type="stmt" count="5"/>
        <line num="616" type="stmt" count="5"/>
        <line num="617" type="stmt" count="5"/>
        <line num="619" type="stmt" count="5"/>
        <line num="622" type="method" name="getDataValue" crap="1" count="5"/>
        <line num="624" type="stmt" count="5"/>
        <line num="627" type="method" name="isDataExists" crap="1" count="5"/>
        <line num="629" type="stmt" count="5"/>
        <line num="632" type="method" name="isDataEmpty" crap="2" count="0"/>
        <line num="634" type="stmt" count="0"/>
        <line num="637" type="method" name="checkDataIsEmpty" crap="6" count="5"/>
        <line num="639" type="stmt" count="5"/>
        <line num="640" type="stmt" count="3"/>
        <line num="641" type="stmt" count="3"/>
        <line num="642" type="stmt" count="5"/>
        <line num="643" type="stmt" count="5"/>
        <line num="644" type="stmt" count="5"/>
        <line num="645" type="stmt" count="5"/>
        <line num="646" type="stmt" count="5"/>
        <line num="647" type="stmt" count="5"/>
        <line num="648" type="stmt" count="5"/>
        <line num="649" type="stmt" count="5"/>
        <line num="650" type="stmt" count="5"/>
        <line num="651" type="stmt" count="5"/>
        <line num="652" type="stmt" count="3"/>
        <line num="653" type="stmt" count="3"/>
        <line num="655" type="stmt" count="5"/>
        <line num="657" type="stmt" count="5"/>
        <line num="659" type="method" name="getResponseStatus" crap="4.94" count="5"/>
        <line num="661" type="stmt" count="5"/>
        <line num="662" type="stmt" count="5"/>
        <line num="665" type="stmt" count="0"/>
        <line num="666" type="stmt" count="0"/>
        <line num="669" type="stmt" count="0"/>
        <line num="672" type="method" name="dataLoad" crap="37.33" count="5"/>
        <line num="674" type="stmt" count="5"/>
        <line num="675" type="stmt" count="5"/>
        <line num="677" type="stmt" count="5"/>
        <line num="678" type="stmt" count="5"/>
        <line num="680" type="stmt" count="5"/>
        <line num="681" type="stmt" count="3"/>
        <line num="683" type="stmt" count="5"/>
        <line num="684" type="stmt" count="5"/>
        <line num="686" type="stmt" count="5"/>
        <line num="687" type="stmt" count="1"/>
        <line num="689" type="stmt" count="5"/>
        <line num="690" type="stmt" count="1"/>
        <line num="692" type="stmt" count="5"/>
        <line num="693" type="stmt" count="3"/>
        <line num="695" type="stmt" count="5"/>
        <line num="696" type="stmt" count="5"/>
        <line num="698" type="stmt" count="5"/>
        <line num="699" type="stmt" count="5"/>
        <line num="701" type="stmt" count="1"/>
        <line num="702" type="stmt" count="0"/>
        <line num="703" type="stmt" count="0"/>
        <line num="704" type="stmt" count="0"/>
        <line num="705" type="stmt" count="0"/>
        <line num="706" type="stmt" count="0"/>
        <line num="707" type="stmt" count="0"/>
        <line num="708" type="stmt" count="0"/>
        <line num="709" type="stmt" count="0"/>
        <line num="710" type="stmt" count="0"/>
        <line num="711" type="stmt" count="0"/>
        <line num="713" type="stmt" count="1"/>
        <line num="716" type="method" name="getRequestFormDataKey" crap="3.79" count="5"/>
        <line num="718" type="stmt" count="5"/>
        <line num="719" type="stmt" count="5"/>
        <line num="721" type="stmt" count="5"/>
        <line num="722" type="stmt" count="0"/>
        <line num="723" type="stmt" count="0"/>
        <line num="725" type="stmt" count="5"/>
        <line num="726" type="stmt" count="0"/>
        <line num="727" type="stmt" count="0"/>
        <line num="729" type="stmt" count="5"/>
        <line num="732" type="method" name="loadRequestFormData" crap="3" count="3"/>
        <line num="734" type="stmt" count="3"/>
        <line num="735" type="stmt" count="1"/>
        <line num="736" type="stmt" count="1"/>
        <line num="737" type="stmt" count="1"/>
        <line num="738" type="stmt" count="2"/>
        <line num="739" type="stmt" count="2"/>
        <line num="740" type="stmt" count="2"/>
        <line num="741" type="stmt" count="2"/>
        <line num="743" type="stmt" count="3"/>
        <line num="746" type="method" name="loadRequestPath" crap="8.66" count="5"/>
        <line num="749" type="stmt" count="5"/>
        <line num="756" type="stmt" count="5"/>
        <line num="757" type="stmt" count="5"/>
        <line num="759" type="stmt" count="5"/>
        <line num="760" type="stmt" count="5"/>
        <line num="761" type="stmt" count="0"/>
        <line num="762" type="stmt" count="0"/>
        <line num="765" type="stmt" count="5"/>
        <line num="767" type="stmt" count="5"/>
        <line num="768" type="stmt" count="5"/>
        <line num="770" type="stmt" count="5"/>
        <line num="773" type="stmt" count="5"/>
        <line num="775" type="stmt" count="5"/>
        <line num="777" type="stmt" count="5"/>
        <line num="778" type="stmt" count="5"/>
        <line num="781" type="stmt" count="5"/>
        <line num="782" type="stmt" count="0"/>
        <line num="783" type="stmt" count="0"/>
        <line num="784" type="stmt" count="0"/>
        <line num="787" type="stmt" count="5"/>
        <line num="788" type="stmt" count="5"/>
        <line num="789" type="stmt" count="5"/>
        <line num="791" type="stmt" count="5"/>
        <line num="794" type="method" name="getRequestQueryKey" crap="1" count="5"/>
        <line num="796" type="stmt" count="5"/>
        <line num="798" type="stmt" count="5"/>
        <line num="799" type="stmt" count="5"/>
        <line num="801" type="stmt" count="5"/>
        <line num="804" type="method" name="loadRequestQuery" crap="2" count="5"/>
        <line num="806" type="stmt" count="5"/>
        <line num="808" type="stmt" count="5"/>
        <line num="809" type="stmt" count="5"/>
        <line num="811" type="stmt" count="5"/>
        <line num="812" type="stmt" count="5"/>
        <line num="813" type="stmt" count="5"/>
        <line num="814" type="stmt" count="5"/>
        <line num="816" type="stmt" count="5"/>
        <line num="819" type="method" name="loadRequestHeader" crap="2" count="1"/>
        <line num="821" type="stmt" count="1"/>
        <line num="823" type="stmt" count="1"/>
        <line num="824" type="stmt" count="1"/>
        <line num="825" type="stmt" count="1"/>
        <line num="826" type="stmt" count="1"/>
        <line num="828" type="stmt" count="1"/>
        <line num="831" type="method" name="loadResponseHeader" crap="2" count="1"/>
        <line num="833" type="stmt" count="1"/>
        <line num="835" type="stmt" count="1"/>
        <line num="836" type="stmt" count="1"/>
        <line num="837" type="stmt" count="1"/>
        <line num="838" type="stmt" count="1"/>
        <line num="840" type="stmt" count="1"/>
        <line num="843" type="method" name="loadRequestBody" crap="6.97" count="5"/>
        <line num="845" type="stmt" count="5"/>
        <line num="846" type="stmt" count="5"/>
        <line num="847" type="stmt" count="5"/>
        <line num="849" type="stmt" count="5"/>
        <line num="850" type="stmt" count="3"/>
        <line num="851" type="stmt" count="3"/>
        <line num="852" type="stmt" count="3"/>
        <line num="854" type="stmt" count="5"/>
        <line num="855" type="stmt" count="3"/>
        <line num="856" type="stmt" count="3"/>
        <line num="858" type="stmt" count="5"/>
        <line num="859" type="stmt" count="5"/>
        <line num="860" type="stmt" count="5"/>
        <line num="861" type="stmt" count="5"/>
        <line num="862" type="stmt" count="5"/>
        <line num="865" type="stmt" count="3"/>
        <line num="866" type="stmt" count="3"/>
        <line num="867" type="stmt" count="3"/>
        <line num="868" type="stmt" count="3"/>
        <line num="870" type="stmt" count="0"/>
        <line num="871" type="stmt" count="0"/>
        <line num="872" type="stmt" count="0"/>
        <line num="874" type="stmt" count="0"/>
        <line num="875" type="stmt" count="0"/>
        <line num="876" type="stmt" count="0"/>
        <line num="877" type="stmt" count="0"/>
        <line num="878" type="stmt" count="0"/>
        <line num="879" type="stmt" count="0"/>
        <line num="880" type="stmt" count="3"/>
        <line num="881" type="stmt" count="3"/>
        <line num="883" type="method" name="getRequestBodyRawData" crap="2.15" count="3"/>
        <line num="885" type="stmt" count="3"/>
        <line num="886" type="stmt" count="3"/>
        <line num="889" type="stmt" count="0"/>
        <line num="892" type="method" name="loadResponseBody" crap="8.93" count="5"/>
        <line num="894" type="stmt" count="5"/>
        <line num="895" type="stmt" count="5"/>
        <line num="896" type="stmt" count="5"/>
        <line num="898" type="stmt" count="5"/>
        <line num="899" type="stmt" count="5"/>
        <line num="900" type="stmt" count="5"/>
        <line num="901" type="stmt" count="5"/>
        <line num="903" type="stmt" count="5"/>
        <line num="904" type="stmt" count="5"/>
        <line num="905" type="stmt" count="5"/>
        <line num="907" type="stmt" count="5"/>
        <line num="908" type="stmt" count="0"/>
        <line num="909" type="stmt" count="0"/>
        <line num="910" type="stmt" count="0"/>
        <line num="911" type="stmt" count="0"/>
        <line num="914" type="stmt" count="5"/>
        <line num="915" type="stmt" count="5"/>
        <line num="916" type="stmt" count="5"/>
        <line num="917" type="stmt" count="5"/>
        <line num="919" type="stmt" count="0"/>
        <line num="920" type="stmt" count="0"/>
        <line num="921" type="stmt" count="0"/>
        <line num="923" type="stmt" count="0"/>
        <line num="924" type="stmt" count="0"/>
        <line num="925" type="stmt" count="0"/>
        <line num="926" type="stmt" count="0"/>
        <line num="927" type="stmt" count="0"/>
        <line num="928" type="stmt" count="0"/>
        <line num="929" type="stmt" count="5"/>
        <line num="930" type="stmt" count="5"/>
        <line num="933" type="method" name="getResponseBodyRawData" crap="2.15" count="5"/>
        <line num="935" type="stmt" count="5"/>
        <line num="936" type="stmt" count="5"/>
        <line num="939" type="stmt" count="0"/>
        <line num="942" type="method" name="buildBodyJson" crap="4.41" count="5"/>
        <line num="944" type="stmt" count="5"/>
        <line num="945" type="stmt" count="5"/>
        <line num="946" type="stmt" count="5"/>
        <line num="948" type="stmt" count="5"/>
        <line num="949" type="stmt" count="0"/>
        <line num="950" type="stmt" count="0"/>
        <line num="951" type="stmt" count="0"/>
        <line num="952" type="stmt" count="0"/>
        <line num="953" type="stmt" count="0"/>
        <line num="955" type="stmt" count="0"/>
        <line num="957" type="stmt" count="0"/>
        <line num="959" type="stmt" count="5"/>
        <line num="961" type="stmt" count="5"/>
        <line num="963" type="method" name="buildBodyXml" crap="56" count="0"/>
        <line num="965" type="stmt" count="0"/>
        <line num="966" type="stmt" count="0"/>
        <line num="967" type="stmt" count="0"/>
        <line num="969" type="stmt" count="0"/>
        <line num="970" type="stmt" count="0"/>
        <line num="971" type="stmt" count="0"/>
        <line num="972" type="stmt" count="0"/>
        <line num="974" type="stmt" count="0"/>
        <line num="975" type="stmt" count="0"/>
        <line num="976" type="stmt" count="0"/>
        <line num="977" type="stmt" count="0"/>
        <line num="979" type="stmt" count="0"/>
        <line num="981" type="stmt" count="0"/>
        <line num="982" type="stmt" count="0"/>
        <line num="983" type="stmt" count="0"/>
        <line num="984" type="stmt" count="0"/>
        <line num="985" type="stmt" count="0"/>
        <line num="986" type="stmt" count="0"/>
        <line num="988" type="stmt" count="0"/>
        <line num="990" type="stmt" count="0"/>
        <line num="992" type="stmt" count="0"/>
        <line num="994" type="stmt" count="0"/>
        <line num="995" type="stmt" count="0"/>
        <line num="996" type="stmt" count="0"/>
        <line num="997" type="stmt" count="0"/>
        <line num="998" type="stmt" count="0"/>
        <line num="999" type="stmt" count="0"/>
        <line num="1001" type="stmt" count="0"/>
        <line num="1003" type="stmt" count="0"/>
        <line num="1005" type="stmt" count="0"/>
        <line num="1009" type="stmt" count="0"/>
        <line num="1011" type="method" name="setValidationError" crap="132" count="0"/>
        <line num="1013" type="stmt" count="0"/>
        <line num="1014" type="stmt" count="0"/>
        <line num="1015" type="stmt" count="0"/>
        <line num="1016" type="stmt" count="0"/>
        <line num="1019" type="stmt" count="0"/>
        <line num="1020" type="stmt" count="0"/>
        <line num="1021" type="stmt" count="0"/>
        <line num="1022" type="stmt" count="0"/>
        <line num="1023" type="stmt" count="0"/>
        <line num="1024" type="stmt" count="0"/>
        <line num="1026" type="stmt" count="0"/>
        <line num="1027" type="stmt" count="0"/>
        <line num="1028" type="stmt" count="0"/>
        <line num="1029" type="stmt" count="0"/>
        <line num="1030" type="stmt" count="0"/>
        <line num="1032" type="stmt" count="0"/>
        <line num="1034" type="stmt" count="0"/>
        <line num="1035" type="stmt" count="0"/>
        <line num="1038" type="stmt" count="0"/>
        <line num="1039" type="stmt" count="0"/>
        <line num="1040" type="stmt" count="0"/>
        <line num="1041" type="stmt" count="0"/>
        <line num="1043" type="stmt" count="0"/>
        <line num="1044" type="stmt" count="0"/>
        <line num="1045" type="stmt" count="0"/>
        <line num="1046" type="stmt" count="0"/>
        <line num="1047" type="stmt" count="0"/>
        <line num="1049" type="method" name="logLoadFile" crap="2.50" count="5"/>
        <line num="1051" type="stmt" count="5"/>
        <line num="1052" type="stmt" count="0"/>
        <line num="1053" type="stmt" count="0"/>
        <line num="1054" type="stmt" count="5"/>
        <line num="1056" type="method" name="logLoadRef" crap="2.50" count="5"/>
        <line num="1058" type="stmt" count="5"/>
        <line num="1059" type="stmt" count="0"/>
        <line num="1060" type="stmt" count="0"/>
        <line num="1061" type="stmt" count="5"/>
        <line num="1063" type="method" name="logReplaceRef" crap="2.50" count="5"/>
        <line num="1065" type="stmt" count="5"/>
        <line num="1066" type="stmt" count="0"/>
        <line num="1067" type="stmt" count="0"/>
        <line num="1068" type="stmt" count="5"/>
        <line num="1070" type="method" name="logDecode" crap="2.50" count="5"/>
        <line num="1072" type="stmt" count="5"/>
        <line num="1073" type="stmt" count="0"/>
        <line num="1074" type="stmt" count="0"/>
        <line num="1075" type="stmt" count="5"/>
        <line num="1077" type="method" name="logValidate" crap="2.50" count="5"/>
        <line num="1079" type="stmt" count="5"/>
        <line num="1080" type="stmt" count="0"/>
        <line num="1081" type="stmt" count="0"/>
        <line num="1082" type="stmt" count="5"/>
        <line num="1084" type="method" name="logModel" crap="2.50" count="5"/>
        <line num="1086" type="stmt" count="5"/>
        <line num="1087" type="stmt" count="0"/>
        <line num="1088" type="stmt" count="0"/>
        <line num="1089" type="stmt" count="5"/>
        <line num="1099" type="method" name="logDebug" crap="2" count="0"/>
        <line num="1101" type="stmt" count="0"/>
        <line num="1102" type="stmt" count="0"/>
        <line num="1110" type="method" name="logValidationError" crap="2" count="0"/>
        <line num="1112" type="stmt" count="0"/>
        <line num="1113" type="stmt" count="0"/>
        <line num="1123" type="method" name="cleanParams" crap="2" count="0"/>
        <line num="1125" type="stmt" count="0"/>
        <line num="1126" type="stmt" count="0"/>
        <line num="1127" type="stmt" count="0"/>
        <line num="1128" type="stmt" count="0"/>
        <line num="1129" type="stmt" count="0"/>
        <line num="1131" type="method" name="cleanCheckedDataName" crap="1" count="5"/>
        <line num="1133" type="stmt" count="5"/>
        <line num="1134" type="stmt" count="5"/>
        <line num="1135" type="stmt" count="5"/>
        <line num="1136" type="stmt" count="5"/>
        <line num="1137" type="stmt" count="5"/>
        <line num="1138" type="stmt" count="5"/>
        <line num="1140" type="method" name="getCheckedDataName" crap="1" count="5"/>
        <line num="1142" type="stmt" count="5"/>
        <line num="1145" type="method" name="getCheckedMethodFormLocation" crap="3.03" count="5"/>
        <line num="1147" type="stmt" count="5"/>
        <line num="1148" type="stmt" count="5"/>
        <line num="1149" type="stmt" count="5"/>
        <line num="1151" type="stmt" count="5"/>
        <line num="1152" type="stmt" count="5"/>
        <line num="1153" type="stmt" count="0"/>
        <line num="1154" type="stmt" count="5"/>
        <line num="1156" type="method" name="addCheckedDataName" crap="6.60" count="5"/>
        <line num="1158" type="stmt" count="5"/>
        <line num="1159" type="stmt" count="0"/>
        <line num="1160" type="stmt" count="0"/>
        <line num="1161" type="stmt" count="0"/>
        <line num="1162" type="stmt" count="0"/>
        <line num="1163" type="stmt" count="0"/>
        <line num="1164" type="stmt" count="0"/>
        <line num="1167" type="stmt" count="5"/>
        <line num="1168" type="stmt" count="5"/>
        <line num="1169" type="stmt" count="5"/>
        <line num="1170" type="stmt" count="5"/>
        <line num="1172" type="stmt" count="5"/>
        <line num="1173" type="stmt" count="5"/>
        <line num="1174" type="stmt" count="5"/>
        <line num="1176" type="stmt" count="5"/>
        <line num="1178" type="method" name="mock" crap="3.58" count="5"/>
        <line num="1180" type="stmt" count="5"/>
        <line num="1182" type="stmt" count="5"/>
        <line num="1183" type="stmt" count="0"/>
        <line num="1184" type="stmt" count="0"/>
        <line num="1185" type="stmt" count="5"/>
        <line num="1187" type="method" name="checkIsEmpty" crap="1" count="5"/>
        <line num="1189" type="stmt" count="5"/>
        <line num="1192" type="method" name="getEnv" crap="2.15" count="5"/>
        <line num="1194" type="stmt" count="5"/>
        <line num="1195" type="stmt" count="5"/>
        <line num="1198" type="stmt" count="0"/>
        <line num="1201" type="method" name="getRequestHeader" crap="1" count="5"/>
        <line num="1203" type="stmt" count="5"/>
        <line num="1206" type="method" name="getResponseHeader" crap="1" count="5"/>
        <line num="1208" type="stmt" count="5"/>
        <metrics loc="1211" ncloc="1052" classes="1" methods="81" coveredmethods="32" conditionals="0" coveredconditionals="0" statements="515" coveredstatements="306" elements="596" coveredelements="338"/>
      </file>
      <file name="/repos/SwaggerValidator-PHP/src/SwaggerValidator/Common/Factory.php">
        <class name="Factory" namespace="SwaggerValidator\Common">
          <metrics methods="16" coveredmethods="7" conditionals="0" coveredconditionals="0" statements="57" coveredstatements="30" elements="73" coveredelements="37"/>
        </class>
        <line num="39" type="method" name="__construct" crap="1" count="5"/>
        <line num="42" type="stmt" count="5"/>
        <line num="48" type="method" name="getInstance" crap="2" count="5"/>
        <line num="50" type="stmt" count="5"/>
        <line num="51" type="stmt" count="5"/>
        <line num="52" type="stmt" count="5"/>
        <line num="54" type="stmt" count="5"/>
        <line num="60" type="method" name="setInstance" crap="2" count="0"/>
        <line num="62" type="stmt" count="0"/>
        <line num="63" type="stmt" count="0"/>
        <line num="68" type="method" name="pruneInstance" crap="1" count="5"/>
        <line num="70" type="stmt" count="5"/>
        <line num="71" type="stmt" count="5"/>
        <line num="78" type="method" name="getClass" crap="2.15" count="5"/>
        <line num="80" type="stmt" count="5"/>
        <line num="81" type="stmt" count="5"/>
        <line num="83" type="stmt" count="5"/>
        <line num="84" type="stmt" count="0"/>
        <line num="85" type="stmt" count="0"/>
        <line num="87" type="stmt" count="5"/>
        <line num="95" type="method" name="__get" crap="2" count="5"/>
        <line num="97" type="stmt" count="5"/>
        <line num="98" type="stmt" count="5"/>
        <line num="100" type="stmt" count="5"/>
        <line num="101" type="stmt" count="5"/>
        <line num="102" type="stmt" count="5"/>
        <line num="104" type="stmt" count="5"/>
        <line num="107" type="stmt" count="5"/>
        <line num="119" type="method" name="call" crap="20" count="0"/>
        <line num="121" type="stmt" count="0"/>
        <line num="123" type="stmt" count="0"/>
        <line num="124" type="stmt" count="0"/>
        <line num="125" type="stmt" count="0"/>
        <line num="126" type="stmt" count="0"/>
        <line num="128" type="stmt" count="0"/>
        <line num="129" type="stmt" count="0"/>
        <line num="132" type="stmt" count="0"/>
        <line num="133" type="stmt" count="0"/>
        <line num="136" type="stmt" count="0"/>
        <line num="146" type="method" name="invoke" crap="2" count="5"/>
        <line num="148" type="stmt" count="5"/>
        <line num="149" type="stmt" count="5"/>
        <line num="151" type="stmt" count="5"/>
        <line num="152" type="stmt" count="5"/>
        <line num="154" type="stmt" count="5"/>
        <line num="155" type="stmt" count="5"/>
        <line num="157" type="stmt" count="5"/>
        <line num="158" type="stmt" count="5"/>
        <line num="159" type="stmt" count="5"/>
        <line num="161" type="stmt" count="5"/>
        <line num="169" type="method" name="__set" crap="12" count="0"/>
        <line num="171" type="stmt" count="0"/>
        <line num="172" type="stmt" count="0"/>
        <line num="174" type="stmt" count="0"/>
        <line num="175" type="stmt" count="0"/>
        <line num="176" type="stmt" count="0"/>
        <line num="177" type="stmt" count="0"/>
        <line num="179" type="method" name="jsonSerialize" crap="2" count="0"/>
        <line num="182" type="stmt" count="0"/>
        <line num="184" type="method" name="serialize" crap="2" count="0"/>
        <line num="186" type="stmt" count="0"/>
        <line num="189" type="method" name="unserialize" crap="2" count="0"/>
        <line num="192" type="stmt" count="0"/>
        <line num="199" type="method" name="get" crap="1" count="5"/>
        <line num="201" type="stmt" count="5"/>
        <line num="209" type="method" name="set" crap="2" count="0"/>
        <line num="211" type="stmt" count="0"/>
        <line num="214" type="method" name="normalizeType" crap="1" count="5"/>
        <line num="216" type="stmt" count="5"/>
        <line num="224" type="method" name="registerType" crap="2" count="0"/>
        <line num="226" type="stmt" count="0"/>
        <line num="227" type="stmt" count="0"/>
        <line num="229" type="stmt" count="0"/>
        <metrics loc="232" ncloc="148" classes="1" methods="16" coveredmethods="7" conditionals="0" coveredconditionals="0" statements="57" coveredstatements="30" elements="73" coveredelements="37"/>
      </file>
      <file name="/repos/SwaggerValidator-PHP/src/SwaggerValidator/Common/FactorySwagger.php">
        <class name="FactorySwagger" namespace="SwaggerValidator\Common">
          <metrics methods="12" coveredmethods="3" conditionals="0" coveredconditionals="0" statements="160" coveredstatements="114" elements="172" coveredelements="117"/>
        </class>
        <line num="142" type="method" name="__construct" crap="1" count="5"/>
        <line num="145" type="stmt" count="5"/>
        <line num="151" type="method" name="getInstance" crap="2" count="5"/>
        <line num="153" type="stmt" count="5"/>
        <line num="154" type="stmt" count="5"/>
        <line num="155" type="stmt" count="5"/>
        <line num="157" type="stmt" count="5"/>
        <line num="163" type="method" name="setInstance" crap="2" count="0"/>
        <line num="165" type="stmt" count="0"/>
        <line num="166" type="stmt" count="0"/>
        <line num="171" type="method" name="pruneInstance" crap="1" count="5"/>
        <line num="173" type="stmt" count="5"/>
        <line num="174" type="stmt" count="5"/>
        <line num="176" type="method" name="jsonUnSerialize" crap="22.12" count="5"/>
        <line num="178" type="stmt" count="5"/>
        <line num="179" type="stmt" count="5"/>
        <line num="181" type="stmt" count="5"/>
        <line num="182" type="stmt" count="5"/>
        <line num="184" type="stmt" count="5"/>
        <line num="185" type="stmt" count="1"/>
        <line num="187" type="stmt" count="5"/>
        <line num="188" type="stmt" count="0"/>
        <line num="191" type="stmt" count="5"/>
        <line num="192" type="stmt" count="5"/>
        <line num="195" type="stmt" count="5"/>
        <line num="196" type="stmt" count="5"/>
        <line num="199" type="stmt" count="5"/>
        <line num="200" type="stmt" count="5"/>
        <line num="203" type="stmt" count="5"/>
        <line num="204" type="stmt" count="5"/>
        <line num="207" type="stmt" count="5"/>
        <line num="208" type="stmt" count="0"/>
        <line num="209" type="stmt" count="0"/>
        <line num="210" type="stmt" count="5"/>
        <line num="211" type="stmt" count="1"/>
        <line num="214" type="stmt" count="5"/>
        <line num="217" type="method" name="returnBuildObject" crap="2.15" count="5"/>
        <line num="219" type="stmt" count="5"/>
        <line num="220" type="stmt" count="5"/>
        <line num="222" type="stmt" count="5"/>
        <line num="223" type="stmt" count="0"/>
        <line num="224" type="stmt" count="0"/>
        <line num="226" type="stmt" count="5"/>
        <line num="229" type="method" name="buildObjectFromOriginObject" crap="11.20" count="5"/>
        <line num="231" type="stmt" count="5"/>
        <line num="232" type="stmt" count="5"/>
        <line num="233" type="stmt" count="5"/>
        <line num="235" type="stmt" count="5"/>
        <line num="236" type="stmt" count="5"/>
        <line num="237" type="stmt" count="5"/>
        <line num="240" type="stmt" count="5"/>
        <line num="241" type="stmt" count="5"/>
        <line num="242" type="stmt" count="0"/>
        <line num="243" type="stmt" count="0"/>
        <line num="245" type="stmt" count="5"/>
        <line num="246" type="stmt" count="3"/>
        <line num="247" type="stmt" count="3"/>
        <line num="249" type="stmt" count="5"/>
        <line num="250" type="stmt" count="5"/>
        <line num="251" type="stmt" count="5"/>
        <line num="253" type="stmt" count="5"/>
        <line num="255" type="stmt" count="5"/>
        <line num="256" type="stmt" count="1"/>
        <line num="257" type="stmt" count="1"/>
        <line num="258" type="stmt" count="1"/>
        <line num="260" type="stmt" count="5"/>
        <line num="261" type="stmt" count="4"/>
        <line num="262" type="stmt" count="4"/>
        <line num="264" type="stmt" count="5"/>
        <line num="265" type="stmt" count="5"/>
        <line num="266" type="stmt" count="5"/>
        <line num="267" type="stmt" count="5"/>
        <line num="269" type="stmt" count="5"/>
        <line num="271" type="stmt" count="5"/>
        <line num="274" type="stmt" count="5"/>
        <line num="275" type="stmt" count="0"/>
        <line num="276" type="stmt" count="0"/>
        <line num="278" type="stmt" count="5"/>
        <line num="281" type="method" name="buildObjectFromOriginKey" crap="13.69" count="5"/>
        <line num="283" type="stmt" count="5"/>
        <line num="285" type="stmt" count="5"/>
        <line num="286" type="stmt" count="5"/>
        <line num="287" type="stmt" count="5"/>
        <line num="290" type="stmt" count="5"/>
        <line num="291" type="stmt" count="5"/>
        <line num="292" type="stmt" count="0"/>
        <line num="293" type="stmt" count="0"/>
        <line num="294" type="stmt" count="5"/>
        <line num="295" type="stmt" count="1"/>
        <line num="296" type="stmt" count="1"/>
        <line num="297" type="stmt" count="5"/>
        <line num="298" type="stmt" count="5"/>
        <line num="301" type="stmt" count="1"/>
        <line num="303" type="stmt" count="1"/>
        <line num="305" type="stmt" count="5"/>
        <line num="306" type="stmt" count="4"/>
        <line num="307" type="stmt" count="4"/>
        <line num="308" type="stmt" count="4"/>
        <line num="310" type="stmt" count="2"/>
        <line num="312" type="stmt" count="4"/>
        <line num="315" type="stmt" count="5"/>
        <line num="316" type="stmt" count="0"/>
        <line num="317" type="stmt" count="0"/>
        <line num="319" type="stmt" count="5"/>
        <line num="322" type="method" name="buildPrimitive" crap="2.26" count="5"/>
        <line num="324" type="stmt" count="5"/>
        <line num="326" type="stmt" count="5"/>
        <line num="327" type="stmt" count="0"/>
        <line num="328" type="stmt" count="0"/>
        <line num="330" type="stmt" count="5"/>
        <line num="333" type="method" name="getPrimitiveType" crap="11.56" count="5"/>
        <line num="335" type="stmt" count="5"/>
        <line num="337" type="stmt" count="5"/>
        <line num="338" type="stmt" count="0"/>
        <line num="339" type="stmt" count="0"/>
        <line num="341" type="stmt" count="5"/>
        <line num="343" type="stmt" count="5"/>
        <line num="344" type="stmt" count="5"/>
        <line num="345" type="stmt" count="5"/>
        <line num="347" type="stmt" count="5"/>
        <line num="348" type="stmt" count="3"/>
        <line num="350" type="stmt" count="5"/>
        <line num="351" type="stmt" count="2"/>
        <line num="353" type="stmt" count="5"/>
        <line num="354" type="stmt" count="5"/>
        <line num="356" type="stmt" count="5"/>
        <line num="357" type="stmt" count="3"/>
        <line num="359" type="stmt" count="5"/>
        <line num="360" type="stmt" count="5"/>
        <line num="362" type="stmt" count="5"/>
        <line num="363" type="stmt" count="5"/>
        <line num="365" type="stmt" count="0"/>
        <line num="366" type="stmt" count="0"/>
        <line num="367" type="stmt" count="0"/>
        <line num="368" type="stmt" count="0"/>
        <line num="370" type="method" name="extractReference" crap="20" count="0"/>
        <line num="372" type="stmt" count="0"/>
        <line num="373" type="stmt" count="0"/>
        <line num="376" type="stmt" count="0"/>
        <line num="377" type="stmt" count="0"/>
        <line num="378" type="stmt" count="0"/>
        <line num="380" type="stmt" count="0"/>
        <line num="381" type="stmt" count="0"/>
        <line num="383" type="stmt" count="0"/>
        <line num="386" type="method" name="SecurityDefinition" crap="31.75" count="4"/>
        <line num="388" type="stmt" count="4"/>
        <line num="389" type="stmt" count="4"/>
        <line num="391" type="stmt" count="4"/>
        <line num="392" type="stmt" count="0"/>
        <line num="393" type="stmt" count="0"/>
        <line num="395" type="stmt" count="4"/>
        <line num="396" type="stmt" count="4"/>
        <line num="397" type="stmt" count="0"/>
        <line num="399" type="stmt" count="4"/>
        <line num="400" type="stmt" count="2"/>
        <line num="402" type="stmt" count="4"/>
        <line num="403" type="stmt" count="4"/>
        <line num="404" type="stmt" count="0"/>
        <line num="405" type="stmt" count="0"/>
        <line num="407" type="stmt" count="4"/>
        <line num="408" type="stmt" count="4"/>
        <line num="409" type="stmt" count="4"/>
        <line num="411" type="stmt" count="0"/>
        <line num="412" type="stmt" count="0"/>
        <line num="414" type="stmt" count="0"/>
        <line num="415" type="stmt" count="0"/>
        <line num="417" type="stmt" count="0"/>
        <line num="418" type="stmt" count="0"/>
        <line num="419" type="stmt" count="0"/>
        <line num="420" type="stmt" count="0"/>
        <line num="422" type="stmt" count="0"/>
        <line num="423" type="stmt" count="0"/>
        <metrics loc="425" ncloc="361" classes="1" methods="12" coveredmethods="3" conditionals="0" coveredconditionals="0" statements="160" coveredstatements="114" elements="172" coveredelements="117"/>
      </file>
      <file name="/repos/SwaggerValidator-PHP/src/SwaggerValidator/Common/ReferenceFile.php">
        <class name="ReferenceFile" namespace="SwaggerValidator\Common">
          <metrics methods="11" coveredmethods="2" conditionals="0" coveredconditionals="0" statements="151" coveredstatements="89" elements="162" coveredelements="91"/>
        </class>
        <line num="40" type="method" name="__construct" crap="28.79" count="5"/>
        <line num="42" type="stmt" count="5"/>
        <line num="44" type="stmt" count="5"/>
        <line num="46" type="stmt" count="5"/>
        <line num="47" type="stmt" count="5"/>
        <line num="48" type="stmt" count="5"/>
        <line num="50" type="stmt" count="5"/>
        <line num="51" type="stmt" count="5"/>
        <line num="52" type="stmt" count="5"/>
        <line num="53" type="stmt" count="5"/>
        <line num="54" type="stmt" count="0"/>
        <line num="55" type="stmt" count="0"/>
        <line num="57" type="stmt" count="0"/>
        <line num="58" type="stmt" count="0"/>
        <line num="60" type="stmt" count="0"/>
        <line num="62" type="stmt" count="0"/>
        <line num="63" type="stmt" count="0"/>
        <line num="64" type="stmt" count="0"/>
        <line num="66" type="stmt" count="0"/>
        <line num="69" type="stmt" count="0"/>
        <line num="70" type="stmt" count="0"/>
        <line num="71" type="stmt" count="0"/>
        <line num="73" type="stmt" count="0"/>
        <line num="74" type="stmt" count="0"/>
        <line num="76" type="stmt" count="0"/>
        <line num="79" type="stmt" count="5"/>
        <line num="81" type="stmt" count="5"/>
        <line num="82" type="stmt" count="0"/>
        <line num="83" type="stmt" count="0"/>
        <line num="85" type="stmt" count="5"/>
        <line num="86" type="stmt" count="5"/>
        <line num="87" type="stmt" count="5"/>
        <line num="89" type="stmt" count="5"/>
        <line num="90" type="stmt" count="0"/>
        <line num="91" type="stmt" count="0"/>
        <line num="93" type="stmt" count="5"/>
        <line num="94" type="stmt" count="5"/>
        <line num="96" type="method" name="__get" crap="2" count="5"/>
        <line num="98" type="stmt" count="5"/>
        <line num="99" type="stmt" count="5"/>
        <line num="102" type="stmt" count="5"/>
        <line num="105" type="method" name="getFileTime" crap="14.42" count="5"/>
        <line num="107" type="stmt" count="5"/>
        <line num="108" type="stmt" count="5"/>
        <line num="111" type="stmt" count="0"/>
        <line num="113" type="stmt" count="0"/>
        <line num="114" type="stmt" count="0"/>
        <line num="115" type="stmt" count="0"/>
        <line num="117" type="stmt" count="0"/>
        <line num="119" type="stmt" count="0"/>
        <line num="120" type="stmt" count="0"/>
        <line num="121" type="stmt" count="0"/>
        <line num="123" type="stmt" count="0"/>
        <line num="125" type="stmt" count="0"/>
        <line num="127" type="stmt" count="0"/>
        <line num="128" type="stmt" count="0"/>
        <line num="131" type="stmt" count="0"/>
        <line num="134" type="method" name="getReference" crap="10.37" count="5"/>
        <line num="136" type="stmt" count="5"/>
        <line num="137" type="stmt" count="5"/>
        <line num="138" type="stmt" count="5"/>
        <line num="140" type="stmt" count="5"/>
        <line num="142" type="stmt" count="5"/>
        <line num="143" type="stmt" count="1"/>
        <line num="146" type="stmt" count="5"/>
        <line num="147" type="stmt" count="0"/>
        <line num="148" type="stmt" count="0"/>
        <line num="150" type="stmt" count="5"/>
        <line num="151" type="stmt" count="5"/>
        <line num="152" type="stmt" count="5"/>
        <line num="153" type="stmt" count="0"/>
        <line num="154" type="stmt" count="0"/>
        <line num="155" type="stmt" count="0"/>
        <line num="157" type="stmt" count="0"/>
        <line num="159" type="stmt" count="5"/>
        <line num="161" type="stmt" count="5"/>
        <line num="164" type="method" name="extractAllReference" crap="3.47" count="5"/>
        <line num="166" type="stmt" count="5"/>
        <line num="168" type="stmt" count="5"/>
        <line num="169" type="stmt" count="5"/>
        <line num="170" type="stmt" count="5"/>
        <line num="171" type="stmt" count="0"/>
        <line num="172" type="stmt" count="0"/>
        <line num="173" type="stmt" count="0"/>
        <line num="175" type="stmt" count="5"/>
        <line num="178" type="method" name="extractReferenceArray" crap="6.47" count="5"/>
        <line num="180" type="stmt" count="5"/>
        <line num="182" type="stmt" count="5"/>
        <line num="183" type="stmt" count="5"/>
        <line num="184" type="stmt" count="0"/>
        <line num="185" type="stmt" count="0"/>
        <line num="187" type="stmt" count="0"/>
        <line num="189" type="stmt" count="0"/>
        <line num="190" type="stmt" count="0"/>
        <line num="191" type="stmt" count="5"/>
        <line num="192" type="stmt" count="0"/>
        <line num="193" type="stmt" count="0"/>
        <line num="194" type="stmt" count="5"/>
        <line num="195" type="stmt" count="5"/>
        <line num="196" type="stmt" count="5"/>
        <line num="198" type="stmt" count="5"/>
        <line num="201" type="stmt" count="5"/>
        <line num="202" type="stmt" count="5"/>
        <line num="204" type="stmt" count="5"/>
        <line num="207" type="method" name="extractReferenceObject" crap="5" count="5"/>
        <line num="209" type="stmt" count="5"/>
        <line num="211" type="stmt" count="5"/>
        <line num="212" type="stmt" count="5"/>
        <line num="213" type="stmt" count="5"/>
        <line num="214" type="stmt" count="5"/>
        <line num="216" type="stmt" count="5"/>
        <line num="218" type="stmt" count="5"/>
        <line num="219" type="stmt" count="5"/>
        <line num="220" type="stmt" count="5"/>
        <line num="221" type="stmt" count="5"/>
[...]
        </class>
        <line num="30" type="method" name="__construct" crap="1" count="4"/>
        <line num="33" type="stmt" count="4"/>
        <line num="35" type="method" name="jsonUnSerialize" crap="3.07" count="4"/>
        <line num="37" type="stmt" count="4"/>
        <line num="38" type="stmt" count="0"/>
        <line num="39" type="stmt" count="0"/>
        <line num="41" type="stmt" count="4"/>
        <line num="43" type="stmt" count="4"/>
        <line num="45" type="stmt" count="4"/>
        <line num="46" type="stmt" count="4"/>
        <line num="47" type="stmt" count="4"/>
        <line num="49" type="stmt" count="4"/>
        <line num="50" type="stmt" count="4"/>
        <metrics loc="52" ncloc="31" classes="1" methods="2" coveredmethods="1" conditionals="0" coveredconditionals="0" statements="11" coveredstatements="9" elements="13" coveredelements="10"/>
      </file>
      <file name="/repos/SwaggerValidator-PHP/src/SwaggerValidator/Object/SecurityDefinitions.php">
        <class name="SecurityDefinitions" namespace="SwaggerValidator\Object">
          <metrics methods="2" coveredmethods="1" conditionals="0" coveredconditionals="0" statements="13" coveredstatements="9" elements="15" coveredelements="10"/>
        </class>
        <line num="30" type="method" name="__construct" crap="1" count="4"/>
        <line num="33" type="stmt" count="4"/>
        <line num="35" type="method" name="jsonUnSerialize" crap="4.59" count="4"/>
        <line num="37" type="stmt" count="4"/>
        <line num="38" type="stmt" count="0"/>
        <line num="39" type="stmt" count="0"/>
        <line num="41" type="stmt" count="4"/>
        <line num="42" type="stmt" count="0"/>
        <line num="43" type="stmt" count="0"/>
        <line num="45" type="stmt" count="4"/>
        <line num="47" type="stmt" count="4"/>
        <line num="48" type="stmt" count="4"/>
        <line num="49" type="stmt" count="4"/>
        <line num="51" type="stmt" count="4"/>
        <line num="52" type="stmt" count="4"/>
        <metrics loc="54" ncloc="33" classes="1" methods="2" coveredmethods="1" conditionals="0" coveredconditionals="0" statements="13" coveredstatements="9" elements="15" coveredelements="10"/>
      </file>
      <file name="/repos/SwaggerValidator-PHP/src/SwaggerValidator/Object/SecurityItem.php">
        <class name="SecurityItem" namespace="SwaggerValidator\Object">
          <metrics methods="2" coveredmethods="1" conditionals="0" coveredconditionals="0" statements="13" coveredstatements="9" elements="15" coveredelements="10"/>
        </class>
        <line num="30" type="method" name="__construct" crap="1" count="4"/>
        <line num="33" type="stmt" count="4"/>
        <line num="35" type="method" name="jsonUnSerialize" crap="4.59" count="4"/>
        <line num="37" type="stmt" count="4"/>
        <line num="38" type="stmt" count="0"/>
        <line num="39" type="stmt" count="0"/>
        <line num="41" type="stmt" count="4"/>
        <line num="42" type="stmt" count="0"/>
        <line num="43" type="stmt" count="0"/>
        <line num="45" type="stmt" count="4"/>
        <line num="47" type="stmt" count="4"/>
        <line num="48" type="stmt" count="4"/>
        <line num="49" type="stmt" count="4"/>
        <line num="51" type="stmt" count="4"/>
        <line num="52" type="stmt" count="4"/>
        <metrics loc="54" ncloc="33" classes="1" methods="2" coveredmethods="1" conditionals="0" coveredconditionals="0" statements="13" coveredstatements="9" elements="15" coveredelements="10"/>
      </file>
      <file name="/repos/SwaggerValidator-PHP/src/SwaggerValidator/Object/Swagger.php">
        <class name="Swagger" namespace="SwaggerValidator\Object">
          <metrics methods="18" coveredmethods="1" conditionals="0" coveredconditionals="0" statements="183" coveredstatements="114" elements="201" coveredelements="115"/>
        </class>
        <line num="30" type="method" name="__construct" crap="1" count="5"/>
        <line num="32" type="stmt" count="5"/>
        <line num="33" type="stmt" count="5"/>
        <line num="34" type="stmt" count="5"/>
        <line num="35" type="stmt" count="5"/>
        <line num="42" type="method" name="jsonUnSerialize" crap="5.27" count="5"/>
        <line num="44" type="stmt" count="5"/>
        <line num="45" type="stmt" count="0"/>
        <line num="46" type="stmt" count="0"/>
        <line num="48" type="stmt" count="5"/>
        <line num="49" type="stmt" count="0"/>
        <line num="50" type="stmt" count="0"/>
        <line num="52" type="stmt" count="5"/>
        <line num="54" type="stmt" count="5"/>
        <line num="55" type="stmt" count="4"/>
        <line num="58" type="stmt" count="5"/>
        <line num="59" type="stmt" count="5"/>
        <line num="60" type="stmt" count="5"/>
        <line num="62" type="stmt" count="5"/>
        <line num="63" type="stmt" count="5"/>
        <line num="64" type="stmt" count="5"/>
        <line num="65" type="stmt" count="5"/>
        <line num="67" type="stmt" count="5"/>
        <line num="68" type="stmt" count="5"/>
        <line num="74" type="method" name="serialize" crap="2" count="0"/>
        <line num="76" type="stmt" count="0"/>
        <line num="77" type="stmt" count="0"/>
        <line num="78" type="stmt" count="0"/>
        <line num="79" type="stmt" count="0"/>
        <line num="86" type="method" name="unserialize" crap="2" count="0"/>
        <line num="88" type="stmt" count="0"/>
        <line num="90" type="stmt" count="0"/>
        <line num="91" type="stmt" count="0"/>
        <line num="92" type="stmt" count="0"/>
        <line num="98" type="method" name="jsonSerialize" crap="6" count="0"/>
        <line num="100" type="stmt" count="0"/>
        <line num="102" type="stmt" count="0"/>
        <line num="103" type="stmt" count="0"/>
        <line num="105" type="stmt" count="0"/>
        <line num="106" type="stmt" count="0"/>
        <line num="107" type="stmt" count="0"/>
        <line num="109" type="stmt" count="0"/>
        <line num="117" type="method" name="validate" crap="14.91" count="5"/>
        <line num="118" type="stmt" count="1"/>
        <line num="119" type="stmt" count="5"/>
        <line num="121" type="stmt" count="5"/>
        <line num="122" type="stmt" count="5"/>
        <line num="124" type="stmt" count="5"/>
        <line num="125" type="stmt" count="5"/>
        <line num="126" type="stmt" count="5"/>
        <line num="128" type="stmt" count="5"/>
        <line num="130" type="stmt" count="5"/>
        <line num="131" type="stmt" count="0"/>
        <line num="134" type="stmt" count="5"/>
        <line num="135" type="stmt" count="5"/>
        <line num="137" type="stmt" count="5"/>
        <line num="138" type="stmt" count="5"/>
        <line num="139" type="stmt" count="5"/>
        <line num="140" type="stmt" count="5"/>
        <line num="141" type="stmt" count="5"/>
        <line num="142" type="stmt" count="5"/>
        <line num="144" type="stmt" count="5"/>
        <line num="146" type="stmt" count="5"/>
        <line num="147" type="stmt" count="5"/>
        <line num="149" type="stmt" count="5"/>
        <line num="150" type="stmt" count="0"/>
        <line num="153" type="stmt" count="5"/>
        <line num="154" type="stmt" count="0"/>
        <line num="155" type="stmt" count="0"/>
        <line num="156" type="stmt" count="0"/>
        <line num="157" type="stmt" count="5"/>
        <line num="159" type="stmt" count="5"/>
        <line num="161" type="stmt" count="5"/>
        <line num="162" type="stmt" count="5"/>
        <line num="163" type="stmt" count="5"/>
        <line num="165" type="stmt" count="5"/>
        <line num="166" type="stmt" count="0"/>
        <line num="167" type="stmt" count="0"/>
        <line num="168" type="stmt" count="5"/>
        <line num="170" type="stmt" count="5"/>
        <line num="171" type="stmt" count="5"/>
        <line num="173" type="stmt" count="5"/>
        <line num="174" type="stmt" count="5"/>
        <line num="177" type="stmt" count="5"/>
        <line num="179" type="stmt" count="5"/>
        <line num="180" type="stmt" count="5"/>
        <line num="183" type="stmt" count="0"/>
        <line num="184" type="stmt" count="5"/>
        <line num="186" type="stmt" count="5"/>
        <line num="188" type="stmt" count="5"/>
        <line num="189" type="stmt" count="5"/>
        <line num="197" type="method" name="checkSwaggerVersion" crap="2.15" count="5"/>
        <line num="199" type="stmt" count="5"/>
        <line num="200" type="stmt" count="0"/>
        <line num="203" type="stmt" count="5"/>
        <line num="211" type="method" name="checkSchemes" crap="6.97" count="5"/>
        <line num="213" type="stmt" count="5"/>
        <line num="214" type="stmt" count="0"/>
        <line num="217" type="stmt" count="5"/>
        <line num="218" type="stmt" count="5"/>
        <line num="219" type="stmt" count="5"/>
        <line num="221" type="stmt" count="0"/>
        <line num="223" type="stmt" count="0"/>
        <line num="231" type="method" name="checkHost" crap="6.97" count="5"/>
        <line num="233" type="stmt" count="5"/>
        <line num="234" type="stmt" count="0"/>
        <line num="237" type="stmt" count="5"/>
        <line num="238" type="stmt" count="0"/>
        <line num="241" type="stmt" count="5"/>
        <line num="242" type="stmt" count="5"/>
        <line num="245" type="stmt" count="0"/>
        <line num="253" type="method" name="checkBasePath" crap="3.21" count="5"/>
        <line num="255" type="stmt" count="5"/>
        <line num="256" type="stmt" count="0"/>
        <line num="259" type="stmt" count="5"/>
        <line num="260" type="stmt" count="0"/>
        <line num="263" type="stmt" count="5"/>
        <line num="264" type="stmt" count="5"/>
        <line num="266" type="stmt" count="5"/>
        <line num="274" type="method" name="checkConsume" crap="61.18" count="5"/>
        <line num="276" type="stmt" count="5"/>
        <line num="277" type="stmt" count="5"/>
        <line num="278" type="stmt" count="5"/>
        <line num="280" type="stmt" count="0"/>
        <line num="281" type="stmt" count="0"/>
        <line num="282" type="stmt" count="0"/>
        <line num="284" type="stmt" count="0"/>
        <line num="285" type="stmt" count="0"/>
        <line num="286" type="stmt" count="0"/>
        <line num="287" type="stmt" count="0"/>
        <line num="289" type="stmt" count="0"/>
        <line num="290" type="stmt" count="0"/>
        <line num="291" type="stmt" count="0"/>
        <line num="293" type="stmt" count="0"/>
        <line num="294" type="stmt" count="0"/>
        <line num="297" type="stmt" count="0"/>
        <line num="298" type="stmt" count="0"/>
        <line num="299" type="stmt" count="0"/>
        <line num="301" type="stmt" count="0"/>
        <line num="302" type="stmt" count="0"/>
        <line num="304" type="stmt" count="0"/>
        <line num="306" type="stmt" count="0"/>
        <line num="314" type="method" name="checkProduce" crap="9.24" count="5"/>
        <line num="316" type="stmt" count="5"/>
        <line num="317" type="stmt" count="1"/>
        <line num="320" type="stmt" count="4"/>
        <line num="321" type="stmt" count="4"/>
        <line num="322" type="stmt" count="4"/>
        <line num="324" type="stmt" count="4"/>
        <line num="325" type="stmt" count="4"/>
        <line num="326" type="stmt" count="4"/>
        <line num="327" type="stmt" count="4"/>
        <line num="329" type="stmt" count="4"/>
        <line num="330" type="stmt" count="4"/>
        <line num="331" type="stmt" count="4"/>
        <line num="333" type="stmt" count="4"/>
        <line num="334" type="stmt" count="0"/>
        <line num="337" type="stmt" count="4"/>
        <line num="338" type="stmt" count="4"/>
        <line num="339" type="stmt" count="4"/>
        <line num="341" type="stmt" count="4"/>
        <line num="342" type="stmt" count="4"/>
        <line num="344" type="stmt" count="0"/>
        <line num="346" type="stmt" count="0"/>
        <line num="353" type="method" name="getApiVersion" crap="2" count="0"/>
        <line num="355" type="stmt" count="0"/>
        <line num="362" type="method" name="getApiVersionMajor" crap="2" count="0"/>
        <line num="364" type="stmt" count="0"/>
        <line num="366" type="stmt" count="0"/>
        <line num="373" type="method" name="getApiVersionMinor" crap="2" count="0"/>
        <line num="375" type="stmt" count="0"/>
        <line num="377" type="stmt" count="0"/>
        <line num="384" type="method" name="getApiVersionBuild" crap="2" count="0"/>
        <line num="386" type="stmt" count="0"/>
        <line num="388" type="stmt" count="0"/>
        <line num="395" type="method" name="getApiVersionPatch" crap="2" count="0"/>
        <line num="397" type="stmt" count="0"/>
        <line num="399" type="stmt" count="0"/>
        <line num="407" type="method" name="getModel" crap="11.09" count="5"/>
        <line num="409" type="stmt" count="5"/>
        <line num="410" type="stmt" count="5"/>
        <line num="411" type="stmt" count="5"/>
        <line num="412" type="stmt" count="5"/>
        <line num="413" type="stmt" count="5"/>
        <line num="415" type="stmt" count="5"/>
        <line num="416" type="stmt" count="5"/>
        <line num="417" type="stmt" count="5"/>
        <line num="419" type="stmt" count="5"/>
        <line num="420" type="stmt" count="1"/>
        <line num="421" type="stmt" count="1"/>
        <line num="423" type="stmt" count="5"/>
        <line num="424" type="stmt" count="0"/>
        <line num="425" type="stmt" count="0"/>
        <line num="427" type="stmt" count="5"/>
        <line num="428" type="stmt" count="4"/>
        <line num="429" type="stmt" count="4"/>
        <line num="431" type="stmt" count="5"/>
        <line num="432" type="stmt" count="4"/>
        <line num="433" type="stmt" count="4"/>
        <line num="435" type="stmt" count="5"/>
        <line num="436" type="stmt" count="5"/>
        <metrics loc="439" ncloc="341" classes="1" methods="18" coveredmethods="1" conditionals="0" coveredconditionals="0" statements="183" coveredstatements="114" elements="201" coveredelements="115"/>
      </file>
    </package>
    <package name="SwaggerValidator\Security">
      <file name="/repos/SwaggerValidator-PHP/src/SwaggerValidator/Security/ApiKeySecurity.php">
        <class name="ApiKeySecurity" namespace="SwaggerValidator\Security">
          <metrics methods="2" coveredmethods="1" conditionals="0" coveredconditionals="0" statements="16" coveredstatements="12" elements="18" coveredelements="13"/>
        </class>
        <line num="30" type="method" name="__construct" crap="1" count="2"/>
        <line num="32" type="stmt" count="2"/>
        <line num="33" type="stmt" count="2"/>
        <line num="34" type="stmt" count="2"/>
        <line num="35" type="stmt" count="2"/>
        <line num="37" type="method" name="jsonUnSerialize" crap="4.59" count="2"/>
        <line num="39" type="stmt" count="2"/>
        <line num="40" type="stmt" count="0"/>
        <line num="41" type="stmt" count="0"/>
        <line num="43" type="stmt" count="2"/>
        <line num="44" type="stmt" count="0"/>
        <line num="45" type="stmt" count="0"/>
        <line num="47" type="stmt" count="2"/>
        <line num="48" type="stmt" count="2"/>
        <line num="49" type="stmt" count="2"/>
        <line num="50" type="stmt" count="2"/>
        <line num="52" type="stmt" count="2"/>
        <line num="53" type="stmt" count="2"/>
        <metrics loc="55" ncloc="34" classes="1" methods="2" coveredmethods="1" conditionals="0" coveredconditionals="0" statements="16" coveredstatements="12" elements="18" coveredelements="13"/>
      </file>
      <file name="/repos/SwaggerValidator-PHP/src/SwaggerValidator/Security/OAuth2ImplicitSecurity.php">
        <class name="OAuth2ImplicitSecurity" namespace="SwaggerValidator\Security">
          <metrics methods="2" coveredmethods="1" conditionals="0" coveredconditionals="0" statements="16" coveredstatements="12" elements="18" coveredelements="13"/>
        </class>
        <line num="30" type="method" name="__construct" crap="1" count="4"/>
        <line num="32" type="stmt" count="4"/>
        <line num="33" type="stmt" count="4"/>
        <line num="34" type="stmt" count="4"/>
        <line num="35" type="stmt" count="4"/>
        <line num="37" type="method" name="jsonUnSerialize" crap="4.59" count="4"/>
        <line num="39" type="stmt" count="4"/>
        <line num="40" type="stmt" count="0"/>
        <line num="41" type="stmt" count="0"/>
        <line num="43" type="stmt" count="4"/>
        <line num="44" type="stmt" count="0"/>
        <line num="45" type="stmt" count="0"/>
        <line num="47" type="stmt" count="4"/>
        <line num="48" type="stmt" count="4"/>
        <line num="49" type="stmt" count="4"/>
        <line num="50" type="stmt" count="4"/>
        <line num="52" type="stmt" count="4"/>
        <line num="53" type="stmt" count="4"/>
        <metrics loc="55" ncloc="34" classes="1" methods="2" coveredmethods="1" conditionals="0" coveredconditionals="0" statements="16" coveredstatements="12" elements="18" coveredelements="13"/>
      </file>
      <file name="/repos/SwaggerValidator-PHP/src/SwaggerValidator/Security/OAuth2PasswordSecurityScopes.php">
        <class name="OAuth2PasswordSecurityScopes" namespace="SwaggerValidator\Security">
          <metrics methods="2" coveredmethods="1" conditionals="0" coveredconditionals="0" statements="13" coveredstatements="9" elements="15" coveredelements="10"/>
        </class>
        <line num="30" type="method" name="__construct" crap="1" count="4"/>
        <line num="33" type="stmt" count="4"/>
        <line num="35" type="method" name="jsonUnSerialize" crap="4.59" count="4"/>
        <line num="37" type="stmt" count="4"/>
        <line num="38" type="stmt" count="0"/>
        <line num="39" type="stmt" count="0"/>
        <line num="41" type="stmt" count="4"/>
        <line num="42" type="stmt" count="0"/>
        <line num="43" type="stmt" count="0"/>
        <line num="45" type="stmt" count="4"/>
        <line num="46" type="stmt" count="4"/>
        <line num="47" type="stmt" count="4"/>
        <line num="48" type="stmt" count="4"/>
        <line num="50" type="stmt" count="4"/>
        <line num="51" type="stmt" count="4"/>
        <metrics loc="53" ncloc="32" classes="1" methods="2" coveredmethods="1" conditionals="0" coveredconditionals="0" statements="13" coveredstatements="9" elements="15" coveredelements="10"/>
      </file>
    </package>
    <package name="PhpParser">
      <file name="/repos/SwaggerValidator-PHP/vendor/nikic/php-parser/lib/PhpParser/Autoloader.php">
        <class name="Autoloader" namespace="PhpParser">
          <metrics methods="0" coveredmethods="0" conditionals="0" coveredconditionals="0" statements="0" coveredstatements="0" elements="0" coveredelements="0"/>
        </class>
        <metrics loc="275" ncloc="252" classes="1" methods="0" coveredmethods="0" conditionals="0" coveredconditionals="0" statements="0" coveredstatements="0" elements="0" coveredelements="0"/>
      </file>
    </package>
    <file name="/repos/SwaggerValidator-PHP/vendor/symfony/polyfill-mbstring/bootstrap.php">
      <metrics loc="51" ncloc="43" classes="0" methods="0" coveredmethods="0" conditionals="0" coveredconditionals="0" statements="0" coveredstatements="0" elements="0" coveredelements="0"/>
    </file>
    <metrics files="44" loc="7882" ncloc="6341" classes="42" methods="382" coveredmethods="133" conditionals="0" coveredconditionals="0" statements="2871" coveredstatements="1757" elements="3253" coveredelements="1890"/>
  </project>
</coverage>
